{"timestamp":"2025-09-03T11:50:01.389916","level":"info","event":"DAG bundles loaded: dags-folder","logger":"airflow.dag_processing.bundles.manager.DagBundlesManager"}
{"timestamp":"2025-09-03T11:50:01.391476","level":"info","event":"Filling up the DagBag from /opt/airflow/dags/test.py","logger":"airflow.models.dagbag.DagBag"}
{"timestamp":"2025-09-03T11:50:01.437139","level":"info","event":"Secrets backends loaded for worker","count":1,"backend_classes":["EnvironmentVariablesBackend"],"logger":"supervisor"}
{"timestamp":"2025-09-03T11:50:01.439032","level":"info","event":"Connection Retrieved 'spark_default'","logger":"airflow.hooks.base"}
{"timestamp":"2025-09-03T11:50:01.439815","level":"info","event":"Spark-Submit cmd: spark-submit --master spark-master:7077 --total-executor-cores 2 --executor-memory 2g --name arrow-spark --verbose /opt/airflow/dags/spark_minio_job.py","logger":"airflow.task.hooks.airflow.providers.apache.spark.hooks.spark_submit.SparkSubmitHook"}
{"timestamp":"2025-09-03T11:50:07.119550","level":"info","event":"Using properties file: /opt/spark/conf/spark-defaults.conf","logger":"airflow.task.hooks.airflow.providers.apache.spark.hooks.spark_submit.SparkSubmitHook"}
{"timestamp":"2025-09-03T11:50:07.290103","level":"info","event":"Adding default property: spark.delta.logStore.class=org.apache.spark.sql.delta.storage.S3SingleDriverLogStore","logger":"airflow.task.hooks.airflow.providers.apache.spark.hooks.spark_submit.SparkSubmitHook"}
{"timestamp":"2025-09-03T11:50:07.290524","level":"info","event":"Adding default property: spark.history.fs.logDirectory=s3a://spark/","logger":"airflow.task.hooks.airflow.providers.apache.spark.hooks.spark_submit.SparkSubmitHook"}
{"timestamp":"2025-09-03T11:50:07.290660","level":"info","event":"Adding default property: spark.eventLog.enabled=true","logger":"airflow.task.hooks.airflow.providers.apache.spark.hooks.spark_submit.SparkSubmitHook"}
{"timestamp":"2025-09-03T11:50:07.290751","level":"info","event":"Adding default property: spark.sql.files.ignoreMissingFiles=true","logger":"airflow.task.hooks.airflow.providers.apache.spark.hooks.spark_submit.SparkSubmitHook"}
{"timestamp":"2025-09-03T11:50:07.290892","level":"info","event":"Adding default property: spark.sql.catalog.spark_catalog=org.apache.spark.sql.delta.catalog.DeltaCatalog","logger":"airflow.task.hooks.airflow.providers.apache.spark.hooks.spark_submit.SparkSubmitHook"}
{"timestamp":"2025-09-03T11:50:07.290995","level":"info","event":"Adding default property: spark.hadoop.fs.s3a.path.style.access=true","logger":"airflow.task.hooks.airflow.providers.apache.spark.hooks.spark_submit.SparkSubmitHook"}
{"timestamp":"2025-09-03T11:50:07.291076","level":"info","event":"Adding default property: spark.network.timeout=10000s","logger":"airflow.task.hooks.airflow.providers.apache.spark.hooks.spark_submit.SparkSubmitHook"}
{"timestamp":"2025-09-03T11:50:07.291133","level":"info","event":"Adding default property: spark.hadoop.fs.s3a.secret.key=*********(redacted)","logger":"airflow.task.hooks.airflow.providers.apache.spark.hooks.spark_submit.SparkSubmitHook"}
{"timestamp":"2025-09-03T11:50:07.291187","level":"info","event":"Adding default property: spark.hadoop.fs.s3a.multiobjectdelete.enable=true","logger":"airflow.task.hooks.airflow.providers.apache.spark.hooks.spark_submit.SparkSubmitHook"}
{"timestamp":"2025-09-03T11:50:07.291267","level":"info","event":"Adding default property: spark.logConf=true","logger":"airflow.task.hooks.airflow.providers.apache.spark.hooks.spark_submit.SparkSubmitHook"}
{"timestamp":"2025-09-03T11:50:07.291366","level":"info","event":"Adding default property: spark.hadoop.fs.s3a.access.key=*********(redacted)","logger":"airflow.task.hooks.airflow.providers.apache.spark.hooks.spark_submit.SparkSubmitHook"}
{"timestamp":"2025-09-03T11:50:07.291507","level":"info","event":"Adding default property: spark.sql.sources.partitionOverwriteMode=dynamic","logger":"airflow.task.hooks.airflow.providers.apache.spark.hooks.spark_submit.SparkSubmitHook"}
{"timestamp":"2025-09-03T11:50:07.291587","level":"info","event":"Adding default property: spark.eventLog.dir=/opt/spark/history","logger":"airflow.task.hooks.airflow.providers.apache.spark.hooks.spark_submit.SparkSubmitHook"}
{"timestamp":"2025-09-03T11:50:07.291655","level":"info","event":"Adding default property: spark.hadoop.fs.s3a.endpoint=http://minio:9000","logger":"airflow.task.hooks.airflow.providers.apache.spark.hooks.spark_submit.SparkSubmitHook"}
{"timestamp":"2025-09-03T11:50:07.291709","level":"info","event":"Adding default property: spark.hadoop.fs.s3a.impl=org.apache.hadoop.fs.s3a.S3AFileSystem","logger":"airflow.task.hooks.airflow.providers.apache.spark.hooks.spark_submit.SparkSubmitHook"}
{"timestamp":"2025-09-03T11:50:07.291762","level":"info","event":"Adding default property: spark.sql.extensions=io.delta.sql.DeltaSparkSessionExtension","logger":"airflow.task.hooks.airflow.providers.apache.spark.hooks.spark_submit.SparkSubmitHook"}
{"timestamp":"2025-09-03T11:50:07.291814","level":"info","event":"Adding default property: spark.hadoop.fs.s3a.fast.upload=true","logger":"airflow.task.hooks.airflow.providers.apache.spark.hooks.spark_submit.SparkSubmitHook"}
{"timestamp":"2025-09-03T11:50:07.331401","level":"info","event":"Parsed arguments:","logger":"airflow.task.hooks.airflow.providers.apache.spark.hooks.spark_submit.SparkSubmitHook"}
{"timestamp":"2025-09-03T11:50:07.331752","level":"info","event":"master                  spark-master:7077","logger":"airflow.task.hooks.airflow.providers.apache.spark.hooks.spark_submit.SparkSubmitHook"}
{"timestamp":"2025-09-03T11:50:07.331968","level":"info","event":"remote                  null","logger":"airflow.task.hooks.airflow.providers.apache.spark.hooks.spark_submit.SparkSubmitHook"}
{"timestamp":"2025-09-03T11:50:07.332112","level":"info","event":"deployMode              null","logger":"airflow.task.hooks.airflow.providers.apache.spark.hooks.spark_submit.SparkSubmitHook"}
{"timestamp":"2025-09-03T11:50:07.332241","level":"info","event":"executorMemory          2g","logger":"airflow.task.hooks.airflow.providers.apache.spark.hooks.spark_submit.SparkSubmitHook"}
{"timestamp":"2025-09-03T11:50:07.332363","level":"info","event":"executorCores           null","logger":"airflow.task.hooks.airflow.providers.apache.spark.hooks.spark_submit.SparkSubmitHook"}
{"timestamp":"2025-09-03T11:50:07.332525","level":"info","event":"totalExecutorCores      2","logger":"airflow.task.hooks.airflow.providers.apache.spark.hooks.spark_submit.SparkSubmitHook"}
{"timestamp":"2025-09-03T11:50:07.332649","level":"info","event":"propertiesFile          /opt/spark/conf/spark-defaults.conf","logger":"airflow.task.hooks.airflow.providers.apache.spark.hooks.spark_submit.SparkSubmitHook"}
{"timestamp":"2025-09-03T11:50:07.332768","level":"info","event":"driverMemory            null","logger":"airflow.task.hooks.airflow.providers.apache.spark.hooks.spark_submit.SparkSubmitHook"}
{"timestamp":"2025-09-03T11:50:07.332889","level":"info","event":"driverCores             null","logger":"airflow.task.hooks.airflow.providers.apache.spark.hooks.spark_submit.SparkSubmitHook"}
{"timestamp":"2025-09-03T11:50:07.333001","level":"info","event":"driverExtraClassPath    null","logger":"airflow.task.hooks.airflow.providers.apache.spark.hooks.spark_submit.SparkSubmitHook"}
{"timestamp":"2025-09-03T11:50:07.333113","level":"info","event":"driverExtraLibraryPath  null","logger":"airflow.task.hooks.airflow.providers.apache.spark.hooks.spark_submit.SparkSubmitHook"}
{"timestamp":"2025-09-03T11:50:07.333218","level":"info","event":"driverExtraJavaOptions  null","logger":"airflow.task.hooks.airflow.providers.apache.spark.hooks.spark_submit.SparkSubmitHook"}
{"timestamp":"2025-09-03T11:50:07.333324","level":"info","event":"supervise               false","logger":"airflow.task.hooks.airflow.providers.apache.spark.hooks.spark_submit.SparkSubmitHook"}
{"timestamp":"2025-09-03T11:50:07.333468","level":"info","event":"queue                   null","logger":"airflow.task.hooks.airflow.providers.apache.spark.hooks.spark_submit.SparkSubmitHook"}
{"timestamp":"2025-09-03T11:50:07.333599","level":"info","event":"numExecutors            null","logger":"airflow.task.hooks.airflow.providers.apache.spark.hooks.spark_submit.SparkSubmitHook"}
{"timestamp":"2025-09-03T11:50:07.333735","level":"info","event":"files                   null","logger":"airflow.task.hooks.airflow.providers.apache.spark.hooks.spark_submit.SparkSubmitHook"}
{"timestamp":"2025-09-03T11:50:07.333863","level":"info","event":"pyFiles                 null","logger":"airflow.task.hooks.airflow.providers.apache.spark.hooks.spark_submit.SparkSubmitHook"}
{"timestamp":"2025-09-03T11:50:07.333989","level":"info","event":"archives                null","logger":"airflow.task.hooks.airflow.providers.apache.spark.hooks.spark_submit.SparkSubmitHook"}
{"timestamp":"2025-09-03T11:50:07.334124","level":"info","event":"mainClass               null","logger":"airflow.task.hooks.airflow.providers.apache.spark.hooks.spark_submit.SparkSubmitHook"}
{"timestamp":"2025-09-03T11:50:07.334242","level":"info","event":"primaryResource         file:/opt/airflow/dags/spark_minio_job.py","logger":"airflow.task.hooks.airflow.providers.apache.spark.hooks.spark_submit.SparkSubmitHook"}
{"timestamp":"2025-09-03T11:50:07.334378","level":"info","event":"name                    arrow-spark","logger":"airflow.task.hooks.airflow.providers.apache.spark.hooks.spark_submit.SparkSubmitHook"}
{"timestamp":"2025-09-03T11:50:07.334541","level":"info","event":"childArgs               []","logger":"airflow.task.hooks.airflow.providers.apache.spark.hooks.spark_submit.SparkSubmitHook"}
{"timestamp":"2025-09-03T11:50:07.334696","level":"info","event":"jars                    null","logger":"airflow.task.hooks.airflow.providers.apache.spark.hooks.spark_submit.SparkSubmitHook"}
{"timestamp":"2025-09-03T11:50:07.334860","level":"info","event":"packages                null","logger":"airflow.task.hooks.airflow.providers.apache.spark.hooks.spark_submit.SparkSubmitHook"}
{"timestamp":"2025-09-03T11:50:07.335075","level":"info","event":"packagesExclusions      null","logger":"airflow.task.hooks.airflow.providers.apache.spark.hooks.spark_submit.SparkSubmitHook"}
{"timestamp":"2025-09-03T11:50:07.335225","level":"info","event":"repositories            null","logger":"airflow.task.hooks.airflow.providers.apache.spark.hooks.spark_submit.SparkSubmitHook"}
{"timestamp":"2025-09-03T11:50:07.335414","level":"info","event":"verbose                 true","logger":"airflow.task.hooks.airflow.providers.apache.spark.hooks.spark_submit.SparkSubmitHook"}
{"timestamp":"2025-09-03T11:50:07.335560","level":"info","event":"","logger":"airflow.task.hooks.airflow.providers.apache.spark.hooks.spark_submit.SparkSubmitHook"}
{"timestamp":"2025-09-03T11:50:07.335693","level":"info","event":"Spark properties used, including those specified through","logger":"airflow.task.hooks.airflow.providers.apache.spark.hooks.spark_submit.SparkSubmitHook"}
{"timestamp":"2025-09-03T11:50:07.335802","level":"info","event":"--conf and those from the properties file /opt/spark/conf/spark-defaults.conf:","logger":"airflow.task.hooks.airflow.providers.apache.spark.hooks.spark_submit.SparkSubmitHook"}
{"timestamp":"2025-09-03T11:50:07.335973","level":"info","event":"(spark.delta.logStore.class,org.apache.spark.sql.delta.storage.S3SingleDriverLogStore)","logger":"airflow.task.hooks.airflow.providers.apache.spark.hooks.spark_submit.SparkSubmitHook"}
{"timestamp":"2025-09-03T11:50:07.336113","level":"info","event":"(spark.eventLog.dir,/opt/spark/history)","logger":"airflow.task.hooks.airflow.providers.apache.spark.hooks.spark_submit.SparkSubmitHook"}
{"timestamp":"2025-09-03T11:50:07.336254","level":"info","event":"(spark.eventLog.enabled,true)","logger":"airflow.task.hooks.airflow.providers.apache.spark.hooks.spark_submit.SparkSubmitHook"}
{"timestamp":"2025-09-03T11:50:07.336640","level":"info","event":"(spark.hadoop.fs.s3a.access.key,*********(redacted))","logger":"airflow.task.hooks.airflow.providers.apache.spark.hooks.spark_submit.SparkSubmitHook"}
{"timestamp":"2025-09-03T11:50:07.336837","level":"info","event":"(spark.hadoop.fs.s3a.endpoint,http://minio:9000)","logger":"airflow.task.hooks.airflow.providers.apache.spark.hooks.spark_submit.SparkSubmitHook"}
{"timestamp":"2025-09-03T11:50:07.337495","level":"info","event":"(spark.hadoop.fs.s3a.fast.upload,true)","logger":"airflow.task.hooks.airflow.providers.apache.spark.hooks.spark_submit.SparkSubmitHook"}
{"timestamp":"2025-09-03T11:50:07.337800","level":"info","event":"(spark.hadoop.fs.s3a.impl,org.apache.hadoop.fs.s3a.S3AFileSystem)","logger":"airflow.task.hooks.airflow.providers.apache.spark.hooks.spark_submit.SparkSubmitHook"}
{"timestamp":"2025-09-03T11:50:07.338195","level":"info","event":"(spark.hadoop.fs.s3a.multiobjectdelete.enable,true)","logger":"airflow.task.hooks.airflow.providers.apache.spark.hooks.spark_submit.SparkSubmitHook"}
{"timestamp":"2025-09-03T11:50:07.338570","level":"info","event":"(spark.hadoop.fs.s3a.path.style.access,true)","logger":"airflow.task.hooks.airflow.providers.apache.spark.hooks.spark_submit.SparkSubmitHook"}
{"timestamp":"2025-09-03T11:50:07.338843","level":"info","event":"(spark.hadoop.fs.s3a.secret.key,*********(redacted))","logger":"airflow.task.hooks.airflow.providers.apache.spark.hooks.spark_submit.SparkSubmitHook"}
{"timestamp":"2025-09-03T11:50:07.339140","level":"info","event":"(spark.history.fs.logDirectory,s3a://spark/)","logger":"airflow.task.hooks.airflow.providers.apache.spark.hooks.spark_submit.SparkSubmitHook"}
{"timestamp":"2025-09-03T11:50:07.340145","level":"info","event":"(spark.logConf,true)","logger":"airflow.task.hooks.airflow.providers.apache.spark.hooks.spark_submit.SparkSubmitHook"}
{"timestamp":"2025-09-03T11:50:07.340638","level":"info","event":"(spark.network.timeout,10000s)","logger":"airflow.task.hooks.airflow.providers.apache.spark.hooks.spark_submit.SparkSubmitHook"}
{"timestamp":"2025-09-03T11:50:07.341089","level":"info","event":"(spark.sql.catalog.spark_catalog,org.apache.spark.sql.delta.catalog.DeltaCatalog)","logger":"airflow.task.hooks.airflow.providers.apache.spark.hooks.spark_submit.SparkSubmitHook"}
{"timestamp":"2025-09-03T11:50:07.341407","level":"info","event":"(spark.sql.extensions,io.delta.sql.DeltaSparkSessionExtension)","logger":"airflow.task.hooks.airflow.providers.apache.spark.hooks.spark_submit.SparkSubmitHook"}
{"timestamp":"2025-09-03T11:50:07.341565","level":"info","event":"(spark.sql.files.ignoreMissingFiles,true)","logger":"airflow.task.hooks.airflow.providers.apache.spark.hooks.spark_submit.SparkSubmitHook"}
{"timestamp":"2025-09-03T11:50:07.341705","level":"info","event":"(spark.sql.sources.partitionOverwriteMode,dynamic)","logger":"airflow.task.hooks.airflow.providers.apache.spark.hooks.spark_submit.SparkSubmitHook"}
{"timestamp":"2025-09-03T11:50:07.341869","level":"info","event":"","logger":"airflow.task.hooks.airflow.providers.apache.spark.hooks.spark_submit.SparkSubmitHook"}
{"timestamp":"2025-09-03T11:50:07.342298","level":"info","event":"","logger":"airflow.task.hooks.airflow.providers.apache.spark.hooks.spark_submit.SparkSubmitHook"}
{"timestamp":"2025-09-03T11:50:08.388765","level":"info","event":"Main class:","logger":"airflow.task.hooks.airflow.providers.apache.spark.hooks.spark_submit.SparkSubmitHook"}
{"timestamp":"2025-09-03T11:50:08.388985","level":"info","event":"org.apache.spark.deploy.PythonRunner","logger":"airflow.task.hooks.airflow.providers.apache.spark.hooks.spark_submit.SparkSubmitHook"}
{"timestamp":"2025-09-03T11:50:08.390462","level":"info","event":"Arguments:","logger":"airflow.task.hooks.airflow.providers.apache.spark.hooks.spark_submit.SparkSubmitHook"}
{"timestamp":"2025-09-03T11:50:08.390656","level":"info","event":"file:/opt/airflow/dags/spark_minio_job.py","logger":"airflow.task.hooks.airflow.providers.apache.spark.hooks.spark_submit.SparkSubmitHook"}
{"timestamp":"2025-09-03T11:50:08.390736","level":"info","event":"null","logger":"airflow.task.hooks.airflow.providers.apache.spark.hooks.spark_submit.SparkSubmitHook"}
{"timestamp":"2025-09-03T11:50:08.401879","level":"info","event":"Spark config:","logger":"airflow.task.hooks.airflow.providers.apache.spark.hooks.spark_submit.SparkSubmitHook"}
{"timestamp":"2025-09-03T11:50:08.402161","level":"info","event":"(spark.app.name,arrow-spark)","logger":"airflow.task.hooks.airflow.providers.apache.spark.hooks.spark_submit.SparkSubmitHook"}
{"timestamp":"2025-09-03T11:50:08.402342","level":"info","event":"(spark.app.submitTime,1756900208359)","logger":"airflow.task.hooks.airflow.providers.apache.spark.hooks.spark_submit.SparkSubmitHook"}
{"timestamp":"2025-09-03T11:50:08.402500","level":"info","event":"(spark.cores.max,2)","logger":"airflow.task.hooks.airflow.providers.apache.spark.hooks.spark_submit.SparkSubmitHook"}
{"timestamp":"2025-09-03T11:50:08.402583","level":"info","event":"(spark.delta.logStore.class,org.apache.spark.sql.delta.storage.S3SingleDriverLogStore)","logger":"airflow.task.hooks.airflow.providers.apache.spark.hooks.spark_submit.SparkSubmitHook"}
{"timestamp":"2025-09-03T11:50:08.402690","level":"info","event":"(spark.eventLog.dir,/opt/spark/history)","logger":"airflow.task.hooks.airflow.providers.apache.spark.hooks.spark_submit.SparkSubmitHook"}
{"timestamp":"2025-09-03T11:50:08.402851","level":"info","event":"(spark.eventLog.enabled,true)","logger":"airflow.task.hooks.airflow.providers.apache.spark.hooks.spark_submit.SparkSubmitHook"}
{"timestamp":"2025-09-03T11:50:08.402966","level":"info","event":"(spark.executor.memory,2g)","logger":"airflow.task.hooks.airflow.providers.apache.spark.hooks.spark_submit.SparkSubmitHook"}
{"timestamp":"2025-09-03T11:50:08.403121","level":"info","event":"(spark.hadoop.fs.s3a.access.key,*********(redacted))","logger":"airflow.task.hooks.airflow.providers.apache.spark.hooks.spark_submit.SparkSubmitHook"}
{"timestamp":"2025-09-03T11:50:08.403258","level":"info","event":"(spark.hadoop.fs.s3a.endpoint,http://minio:9000)","logger":"airflow.task.hooks.airflow.providers.apache.spark.hooks.spark_submit.SparkSubmitHook"}
{"timestamp":"2025-09-03T11:50:08.403429","level":"info","event":"(spark.hadoop.fs.s3a.fast.upload,true)","logger":"airflow.task.hooks.airflow.providers.apache.spark.hooks.spark_submit.SparkSubmitHook"}
{"timestamp":"2025-09-03T11:50:08.403581","level":"info","event":"(spark.hadoop.fs.s3a.impl,org.apache.hadoop.fs.s3a.S3AFileSystem)","logger":"airflow.task.hooks.airflow.providers.apache.spark.hooks.spark_submit.SparkSubmitHook"}
{"timestamp":"2025-09-03T11:50:08.403743","level":"info","event":"(spark.hadoop.fs.s3a.multiobjectdelete.enable,true)","logger":"airflow.task.hooks.airflow.providers.apache.spark.hooks.spark_submit.SparkSubmitHook"}
{"timestamp":"2025-09-03T11:50:08.403877","level":"info","event":"(spark.hadoop.fs.s3a.path.style.access,true)","logger":"airflow.task.hooks.airflow.providers.apache.spark.hooks.spark_submit.SparkSubmitHook"}
{"timestamp":"2025-09-03T11:50:08.404109","level":"info","event":"(spark.hadoop.fs.s3a.secret.key,*********(redacted))","logger":"airflow.task.hooks.airflow.providers.apache.spark.hooks.spark_submit.SparkSubmitHook"}
{"timestamp":"2025-09-03T11:50:08.404276","level":"info","event":"(spark.history.fs.logDirectory,s3a://spark/)","logger":"airflow.task.hooks.airflow.providers.apache.spark.hooks.spark_submit.SparkSubmitHook"}
{"timestamp":"2025-09-03T11:50:08.404427","level":"info","event":"(spark.logConf,true)","logger":"airflow.task.hooks.airflow.providers.apache.spark.hooks.spark_submit.SparkSubmitHook"}
{"timestamp":"2025-09-03T11:50:08.404564","level":"info","event":"(spark.master,spark-master:7077)","logger":"airflow.task.hooks.airflow.providers.apache.spark.hooks.spark_submit.SparkSubmitHook"}
{"timestamp":"2025-09-03T11:50:08.404983","level":"info","event":"(spark.network.timeout,10000s)","logger":"airflow.task.hooks.airflow.providers.apache.spark.hooks.spark_submit.SparkSubmitHook"}
{"timestamp":"2025-09-03T11:50:08.405228","level":"info","event":"(spark.sql.catalog.spark_catalog,org.apache.spark.sql.delta.catalog.DeltaCatalog)","logger":"airflow.task.hooks.airflow.providers.apache.spark.hooks.spark_submit.SparkSubmitHook"}
{"timestamp":"2025-09-03T11:50:08.405394","level":"info","event":"(spark.sql.extensions,io.delta.sql.DeltaSparkSessionExtension)","logger":"airflow.task.hooks.airflow.providers.apache.spark.hooks.spark_submit.SparkSubmitHook"}
{"timestamp":"2025-09-03T11:50:08.405536","level":"info","event":"(spark.sql.files.ignoreMissingFiles,true)","logger":"airflow.task.hooks.airflow.providers.apache.spark.hooks.spark_submit.SparkSubmitHook"}
{"timestamp":"2025-09-03T11:50:08.405663","level":"info","event":"(spark.sql.sources.partitionOverwriteMode,dynamic)","logger":"airflow.task.hooks.airflow.providers.apache.spark.hooks.spark_submit.SparkSubmitHook"}
{"timestamp":"2025-09-03T11:50:08.405776","level":"info","event":"(spark.submit.deployMode,client)","logger":"airflow.task.hooks.airflow.providers.apache.spark.hooks.spark_submit.SparkSubmitHook"}
{"timestamp":"2025-09-03T11:50:08.405957","level":"info","event":"(spark.submit.pyFiles,)","logger":"airflow.task.hooks.airflow.providers.apache.spark.hooks.spark_submit.SparkSubmitHook"}
{"timestamp":"2025-09-03T11:50:08.406128","level":"info","event":"Classpath elements:","logger":"airflow.task.hooks.airflow.providers.apache.spark.hooks.spark_submit.SparkSubmitHook"}
{"timestamp":"2025-09-03T11:50:08.406290","level":"info","event":"","logger":"airflow.task.hooks.airflow.providers.apache.spark.hooks.spark_submit.SparkSubmitHook"}
{"timestamp":"2025-09-03T11:50:08.406480","level":"info","event":"","logger":"airflow.task.hooks.airflow.providers.apache.spark.hooks.spark_submit.SparkSubmitHook"}
{"timestamp":"2025-09-03T11:50:08.406605","level":"info","event":"","logger":"airflow.task.hooks.airflow.providers.apache.spark.hooks.spark_submit.SparkSubmitHook"}
{"timestamp":"2025-09-03T11:50:12.377279","level":"info","event":"25/09/03 11:50:12 INFO SparkContext: Running Spark version 3.5.0","logger":"airflow.task.hooks.airflow.providers.apache.spark.hooks.spark_submit.SparkSubmitHook"}
{"timestamp":"2025-09-03T11:50:12.384150","level":"info","event":"25/09/03 11:50:12 INFO SparkContext: OS info Linux, 6.6.87.2-microsoft-standard-WSL2, amd64","logger":"airflow.task.hooks.airflow.providers.apache.spark.hooks.spark_submit.SparkSubmitHook"}
{"timestamp":"2025-09-03T11:50:12.384783","level":"info","event":"25/09/03 11:50:12 INFO SparkContext: Java version 17.0.16","logger":"airflow.task.hooks.airflow.providers.apache.spark.hooks.spark_submit.SparkSubmitHook"}
{"timestamp":"2025-09-03T11:50:12.533679","level":"info","event":"25/09/03 11:50:12 WARN NativeCodeLoader: Unable to load native-hadoop library for your platform... using builtin-java classes where applicable","logger":"airflow.task.hooks.airflow.providers.apache.spark.hooks.spark_submit.SparkSubmitHook"}
{"timestamp":"2025-09-03T11:50:12.772649","level":"info","event":"25/09/03 11:50:12 INFO ResourceUtils: ==============================================================","logger":"airflow.task.hooks.airflow.providers.apache.spark.hooks.spark_submit.SparkSubmitHook"}
{"timestamp":"2025-09-03T11:50:12.773895","level":"info","event":"25/09/03 11:50:12 INFO ResourceUtils: No custom resources configured for spark.driver.","logger":"airflow.task.hooks.airflow.providers.apache.spark.hooks.spark_submit.SparkSubmitHook"}
{"timestamp":"2025-09-03T11:50:12.774598","level":"info","event":"25/09/03 11:50:12 INFO ResourceUtils: ==============================================================","logger":"airflow.task.hooks.airflow.providers.apache.spark.hooks.spark_submit.SparkSubmitHook"}
{"timestamp":"2025-09-03T11:50:12.775895","level":"info","event":"25/09/03 11:50:12 INFO SparkContext: Submitted application: ProcessingTask","logger":"airflow.task.hooks.airflow.providers.apache.spark.hooks.spark_submit.SparkSubmitHook"}
{"timestamp":"2025-09-03T11:50:12.779620","level":"info","event":"25/09/03 11:50:12 INFO SparkContext: Spark configuration:","logger":"airflow.task.hooks.airflow.providers.apache.spark.hooks.spark_submit.SparkSubmitHook"}
{"timestamp":"2025-09-03T11:50:12.779884","level":"info","event":"spark.app.name=ProcessingTask","logger":"airflow.task.hooks.airflow.providers.apache.spark.hooks.spark_submit.SparkSubmitHook"}
{"timestamp":"2025-09-03T11:50:12.780047","level":"info","event":"spark.app.startTime=1756900212355","logger":"airflow.task.hooks.airflow.providers.apache.spark.hooks.spark_submit.SparkSubmitHook"}
{"timestamp":"2025-09-03T11:50:12.780132","level":"info","event":"spark.app.submitTime=1756900208359","logger":"airflow.task.hooks.airflow.providers.apache.spark.hooks.spark_submit.SparkSubmitHook"}
{"timestamp":"2025-09-03T11:50:12.780206","level":"info","event":"spark.cores.max=2","logger":"airflow.task.hooks.airflow.providers.apache.spark.hooks.spark_submit.SparkSubmitHook"}
{"timestamp":"2025-09-03T11:50:12.780270","level":"info","event":"spark.delta.logStore.class=org.apache.spark.sql.delta.storage.S3SingleDriverLogStore","logger":"airflow.task.hooks.airflow.providers.apache.spark.hooks.spark_submit.SparkSubmitHook"}
{"timestamp":"2025-09-03T11:50:12.780351","level":"info","event":"spark.driver.extraJavaOptions=-Djava.net.preferIPv6Addresses=false -XX:+IgnoreUnrecognizedVMOptions --add-opens=java.base/java.lang=ALL-UNNAMED --add-opens=java.base/java.lang.invoke=ALL-UNNAMED --add-opens=java.base/java.lang.reflect=ALL-UNNAMED --add-opens=java.base/java.io=ALL-UNNAMED --add-opens=java.base/java.net=ALL-UNNAMED --add-opens=java.base/java.nio=ALL-UNNAMED --add-opens=java.base/java.util=ALL-UNNAMED --add-opens=java.base/java.util.concurrent=ALL-UNNAMED --add-opens=java.base/java.util.concurrent.atomic=ALL-UNNAMED --add-opens=java.base/sun.nio.ch=ALL-UNNAMED --add-opens=java.base/sun.nio.cs=ALL-UNNAMED --add-opens=java.base/sun.security.action=ALL-UNNAMED --add-opens=java.base/sun.util.calendar=ALL-UNNAMED --add-opens=java.security.jgss/sun.security.krb5=ALL-UNNAMED -Djdk.reflect.useDirectMethodHandle=false","logger":"airflow.task.hooks.airflow.providers.apache.spark.hooks.spark_submit.SparkSubmitHook"}
{"timestamp":"2025-09-03T11:50:12.780419","level":"info","event":"spark.eventLog.dir=/opt/spark/history","logger":"airflow.task.hooks.airflow.providers.apache.spark.hooks.spark_submit.SparkSubmitHook"}
{"timestamp":"2025-09-03T11:50:12.780475","level":"info","event":"spark.eventLog.enabled=true","logger":"airflow.task.hooks.airflow.providers.apache.spark.hooks.spark_submit.SparkSubmitHook"}
{"timestamp":"2025-09-03T11:50:12.780547","level":"info","event":"spark.executor.extraJavaOptions=-Djava.net.preferIPv6Addresses=false -XX:+IgnoreUnrecognizedVMOptions --add-opens=java.base/java.lang=ALL-UNNAMED --add-opens=java.base/java.lang.invoke=ALL-UNNAMED --add-opens=java.base/java.lang.reflect=ALL-UNNAMED --add-opens=java.base/java.io=ALL-UNNAMED --add-opens=java.base/java.net=ALL-UNNAMED --add-opens=java.base/java.nio=ALL-UNNAMED --add-opens=java.base/java.util=ALL-UNNAMED --add-opens=java.base/java.util.concurrent=ALL-UNNAMED --add-opens=java.base/java.util.concurrent.atomic=ALL-UNNAMED --add-opens=java.base/sun.nio.ch=ALL-UNNAMED --add-opens=java.base/sun.nio.cs=ALL-UNNAMED --add-opens=java.base/sun.security.action=ALL-UNNAMED --add-opens=java.base/sun.util.calendar=ALL-UNNAMED --add-opens=java.security.jgss/sun.security.krb5=ALL-UNNAMED -Djdk.reflect.useDirectMethodHandle=false","logger":"airflow.task.hooks.airflow.providers.apache.spark.hooks.spark_submit.SparkSubmitHook"}
{"timestamp":"2025-09-03T11:50:12.780707","level":"info","event":"spark.executor.memory=2g","logger":"airflow.task.hooks.airflow.providers.apache.spark.hooks.spark_submit.SparkSubmitHook"}
{"timestamp":"2025-09-03T11:50:12.780814","level":"info","event":"spark.hadoop.fs.s3a.access.key=*********(redacted)","logger":"airflow.task.hooks.airflow.providers.apache.spark.hooks.spark_submit.SparkSubmitHook"}
{"timestamp":"2025-09-03T11:50:12.780907","level":"info","event":"spark.hadoop.fs.s3a.endpoint=http://minio:9000","logger":"airflow.task.hooks.airflow.providers.apache.spark.hooks.spark_submit.SparkSubmitHook"}
{"timestamp":"2025-09-03T11:50:12.781029","level":"info","event":"spark.hadoop.fs.s3a.fast.upload=true","logger":"airflow.task.hooks.airflow.providers.apache.spark.hooks.spark_submit.SparkSubmitHook"}
{"timestamp":"2025-09-03T11:50:12.781135","level":"info","event":"spark.hadoop.fs.s3a.impl=org.apache.hadoop.fs.s3a.S3AFileSystem","logger":"airflow.task.hooks.airflow.providers.apache.spark.hooks.spark_submit.SparkSubmitHook"}
{"timestamp":"2025-09-03T11:50:12.781236","level":"info","event":"spark.hadoop.fs.s3a.multiobjectdelete.enable=true","logger":"airflow.task.hooks.airflow.providers.apache.spark.hooks.spark_submit.SparkSubmitHook"}
{"timestamp":"2025-09-03T11:50:12.781337","level":"info","event":"spark.hadoop.fs.s3a.path.style.access=true","logger":"airflow.task.hooks.airflow.providers.apache.spark.hooks.spark_submit.SparkSubmitHook"}
{"timestamp":"2025-09-03T11:50:12.781501","level":"info","event":"spark.hadoop.fs.s3a.secret.key=*********(redacted)","logger":"airflow.task.hooks.airflow.providers.apache.spark.hooks.spark_submit.SparkSubmitHook"}
{"timestamp":"2025-09-03T11:50:12.781603","level":"info","event":"spark.history.fs.logDirectory=s3a://spark/","logger":"airflow.task.hooks.airflow.providers.apache.spark.hooks.spark_submit.SparkSubmitHook"}
{"timestamp":"2025-09-03T11:50:12.781701","level":"info","event":"spark.jars.packages=org.apache.spark:spark-sql-kafka-0-10_2.12:3.5.0,org.apache.spark:spark-avro_2.12:3.5.0,org.postgresql:postgresql:42.7.0,org.apache.hadoop:hadoop-aws:3.3.4,com.amazonaws:aws-java-sdk-bundle:1.12.262","logger":"airflow.task.hooks.airflow.providers.apache.spark.hooks.spark_submit.SparkSubmitHook"}
{"timestamp":"2025-09-03T11:50:12.782305","level":"info","event":"spark.logConf=true","logger":"airflow.task.hooks.airflow.providers.apache.spark.hooks.spark_submit.SparkSubmitHook"}
{"timestamp":"2025-09-03T11:50:12.782444","level":"info","event":"spark.master=spark://spark-master:7077","logger":"airflow.task.hooks.airflow.providers.apache.spark.hooks.spark_submit.SparkSubmitHook"}
{"timestamp":"2025-09-03T11:50:12.782542","level":"info","event":"spark.network.timeout=10000s","logger":"airflow.task.hooks.airflow.providers.apache.spark.hooks.spark_submit.SparkSubmitHook"}
{"timestamp":"2025-09-03T11:50:12.782653","level":"info","event":"spark.rdd.compress=True","logger":"airflow.task.hooks.airflow.providers.apache.spark.hooks.spark_submit.SparkSubmitHook"}
{"timestamp":"2025-09-03T11:50:12.782757","level":"info","event":"spark.serializer.objectStreamReset=100","logger":"airflow.task.hooks.airflow.providers.apache.spark.hooks.spark_submit.SparkSubmitHook"}
{"timestamp":"2025-09-03T11:50:12.782829","level":"info","event":"spark.sql.catalog.spark_catalog=org.apache.spark.sql.delta.catalog.DeltaCatalog","logger":"airflow.task.hooks.airflow.providers.apache.spark.hooks.spark_submit.SparkSubmitHook"}
{"timestamp":"2025-09-03T11:50:12.783491","level":"info","event":"spark.sql.extensions=io.delta.sql.DeltaSparkSessionExtension","logger":"airflow.task.hooks.airflow.providers.apache.spark.hooks.spark_submit.SparkSubmitHook"}
{"timestamp":"2025-09-03T11:50:12.783725","level":"info","event":"spark.sql.files.ignoreMissingFiles=true","logger":"airflow.task.hooks.airflow.providers.apache.spark.hooks.spark_submit.SparkSubmitHook"}
{"timestamp":"2025-09-03T11:50:12.784353","level":"info","event":"spark.sql.sources.partitionOverwriteMode=dynamic","logger":"airflow.task.hooks.airflow.providers.apache.spark.hooks.spark_submit.SparkSubmitHook"}
{"timestamp":"2025-09-03T11:50:12.784545","level":"info","event":"spark.submit.deployMode=client","logger":"airflow.task.hooks.airflow.providers.apache.spark.hooks.spark_submit.SparkSubmitHook"}
{"timestamp":"2025-09-03T11:50:12.785555","level":"info","event":"spark.submit.pyFiles=","logger":"airflow.task.hooks.airflow.providers.apache.spark.hooks.spark_submit.SparkSubmitHook"}
{"timestamp":"2025-09-03T11:50:12.852513","level":"info","event":"25/09/03 11:50:12 INFO ResourceProfile: Default ResourceProfile created, executor resources: Map(memory -> name: memory, amount: 2048, script: , vendor: , offHeap -> name: offHeap, amount: 0, script: , vendor: ), task resources: Map(cpus -> name: cpus, amount: 1.0)","logger":"airflow.task.hooks.airflow.providers.apache.spark.hooks.spark_submit.SparkSubmitHook"}
{"timestamp":"2025-09-03T11:50:12.869009","level":"info","event":"25/09/03 11:50:12 INFO ResourceProfile: Limiting resource is cpu","logger":"airflow.task.hooks.airflow.providers.apache.spark.hooks.spark_submit.SparkSubmitHook"}
{"timestamp":"2025-09-03T11:50:12.870745","level":"info","event":"25/09/03 11:50:12 INFO ResourceProfileManager: Added ResourceProfile id: 0","logger":"airflow.task.hooks.airflow.providers.apache.spark.hooks.spark_submit.SparkSubmitHook"}
{"timestamp":"2025-09-03T11:50:12.989127","level":"info","event":"25/09/03 11:50:12 INFO SecurityManager: Changing view acls to: airflow","logger":"airflow.task.hooks.airflow.providers.apache.spark.hooks.spark_submit.SparkSubmitHook"}
{"timestamp":"2025-09-03T11:50:12.990406","level":"info","event":"25/09/03 11:50:12 INFO SecurityManager: Changing modify acls to: airflow","logger":"airflow.task.hooks.airflow.providers.apache.spark.hooks.spark_submit.SparkSubmitHook"}
{"timestamp":"2025-09-03T11:50:12.991397","level":"info","event":"25/09/03 11:50:12 INFO SecurityManager: Changing view acls groups to:","logger":"airflow.task.hooks.airflow.providers.apache.spark.hooks.spark_submit.SparkSubmitHook"}
{"timestamp":"2025-09-03T11:50:12.992431","level":"info","event":"25/09/03 11:50:12 INFO SecurityManager: Changing modify acls groups to:","logger":"airflow.task.hooks.airflow.providers.apache.spark.hooks.spark_submit.SparkSubmitHook"}
{"timestamp":"2025-09-03T11:50:12.993243","level":"info","event":"25/09/03 11:50:12 INFO SecurityManager: SecurityManager: authentication disabled; ui acls disabled; users with view permissions: airflow; groups with view permissions: EMPTY; users with modify permissions: airflow; groups with modify permissions: EMPTY","logger":"airflow.task.hooks.airflow.providers.apache.spark.hooks.spark_submit.SparkSubmitHook"}
{"timestamp":"2025-09-03T11:50:14.645873","level":"info","event":"25/09/03 11:50:14 INFO Utils: Successfully started service 'sparkDriver' on port 41447.","logger":"airflow.task.hooks.airflow.providers.apache.spark.hooks.spark_submit.SparkSubmitHook"}
{"timestamp":"2025-09-03T11:50:14.721950","level":"info","event":"25/09/03 11:50:14 INFO SparkEnv: Registering MapOutputTracker","logger":"airflow.task.hooks.airflow.providers.apache.spark.hooks.spark_submit.SparkSubmitHook"}
{"timestamp":"2025-09-03T11:50:14.789908","level":"info","event":"25/09/03 11:50:14 INFO SparkEnv: Registering BlockManagerMaster","logger":"airflow.task.hooks.airflow.providers.apache.spark.hooks.spark_submit.SparkSubmitHook"}
{"timestamp":"2025-09-03T11:50:14.823413","level":"info","event":"25/09/03 11:50:14 INFO BlockManagerMasterEndpoint: Using org.apache.spark.storage.DefaultTopologyMapper for getting topology information","logger":"airflow.task.hooks.airflow.providers.apache.spark.hooks.spark_submit.SparkSubmitHook"}
{"timestamp":"2025-09-03T11:50:14.824692","level":"info","event":"25/09/03 11:50:14 INFO BlockManagerMasterEndpoint: BlockManagerMasterEndpoint up","logger":"airflow.task.hooks.airflow.providers.apache.spark.hooks.spark_submit.SparkSubmitHook"}
{"timestamp":"2025-09-03T11:50:14.832487","level":"info","event":"25/09/03 11:50:14 INFO SparkEnv: Registering BlockManagerMasterHeartbeat","logger":"airflow.task.hooks.airflow.providers.apache.spark.hooks.spark_submit.SparkSubmitHook"}
{"timestamp":"2025-09-03T11:50:14.883861","level":"info","event":"25/09/03 11:50:14 INFO DiskBlockManager: Created local directory at /tmp/blockmgr-e8f4f031-35d4-4489-8c12-76d2cd9cee53","logger":"airflow.task.hooks.airflow.providers.apache.spark.hooks.spark_submit.SparkSubmitHook"}
{"timestamp":"2025-09-03T11:50:14.908319","level":"info","event":"25/09/03 11:50:14 INFO MemoryStore: MemoryStore started with capacity 434.4 MiB","logger":"airflow.task.hooks.airflow.providers.apache.spark.hooks.spark_submit.SparkSubmitHook"}
{"timestamp":"2025-09-03T11:50:14.944073","level":"info","event":"25/09/03 11:50:14 INFO SparkEnv: Registering OutputCommitCoordinator","logger":"airflow.task.hooks.airflow.providers.apache.spark.hooks.spark_submit.SparkSubmitHook"}
{"timestamp":"2025-09-03T11:50:15.194530","level":"info","event":"25/09/03 11:50:15 INFO JettyUtils: Start Jetty 0.0.0.0:4040 for SparkUI","logger":"airflow.task.hooks.airflow.providers.apache.spark.hooks.spark_submit.SparkSubmitHook"}
{"timestamp":"2025-09-03T11:50:15.336744","level":"info","event":"25/09/03 11:50:15 WARN Utils: Service 'SparkUI' could not bind on port 4040. Attempting port 4041.","logger":"airflow.task.hooks.airflow.providers.apache.spark.hooks.spark_submit.SparkSubmitHook"}
{"timestamp":"2025-09-03T11:50:15.351861","level":"info","event":"25/09/03 11:50:15 INFO Utils: Successfully started service 'SparkUI' on port 4041.","logger":"airflow.task.hooks.airflow.providers.apache.spark.hooks.spark_submit.SparkSubmitHook"}
{"timestamp":"2025-09-03T11:50:15.659427","level":"info","event":"25/09/03 11:50:15 INFO StandaloneAppClient$ClientEndpoint: Connecting to master spark://spark-master:7077...","logger":"airflow.task.hooks.airflow.providers.apache.spark.hooks.spark_submit.SparkSubmitHook"}
{"timestamp":"2025-09-03T11:50:16.095155","level":"info","event":"25/09/03 11:50:16 INFO TransportClientFactory: Successfully created connection to spark-master/172.18.0.3:7077 after 381 ms (0 ms spent in bootstraps)","logger":"airflow.task.hooks.airflow.providers.apache.spark.hooks.spark_submit.SparkSubmitHook"}
{"timestamp":"2025-09-03T11:50:18.505337","level":"info","event":"25/09/03 11:50:18 INFO StandaloneSchedulerBackend: Connected to Spark cluster with app ID app-20250903115018-0003","logger":"airflow.task.hooks.airflow.providers.apache.spark.hooks.spark_submit.SparkSubmitHook"}
{"timestamp":"2025-09-03T11:50:18.521337","level":"info","event":"25/09/03 11:50:18 INFO Utils: Successfully started service 'org.apache.spark.network.netty.NettyBlockTransferService' on port 42045.","logger":"airflow.task.hooks.airflow.providers.apache.spark.hooks.spark_submit.SparkSubmitHook"}
{"timestamp":"2025-09-03T11:50:18.521592","level":"info","event":"25/09/03 11:50:18 INFO NettyBlockTransferService: Server created on 9b0fda7f683c:42045","logger":"airflow.task.hooks.airflow.providers.apache.spark.hooks.spark_submit.SparkSubmitHook"}
{"timestamp":"2025-09-03T11:50:18.527713","level":"info","event":"25/09/03 11:50:18 INFO BlockManager: Using org.apache.spark.storage.RandomBlockReplicationPolicy for block replication policy","logger":"airflow.task.hooks.airflow.providers.apache.spark.hooks.spark_submit.SparkSubmitHook"}
{"timestamp":"2025-09-03T11:50:18.537688","level":"info","event":"25/09/03 11:50:18 INFO BlockManagerMaster: Registering BlockManager BlockManagerId(driver, 9b0fda7f683c, 42045, None)","logger":"airflow.task.hooks.airflow.providers.apache.spark.hooks.spark_submit.SparkSubmitHook"}
{"timestamp":"2025-09-03T11:50:18.541425","level":"info","event":"25/09/03 11:50:18 INFO BlockManagerMasterEndpoint: Registering block manager 9b0fda7f683c:42045 with 434.4 MiB RAM, BlockManagerId(driver, 9b0fda7f683c, 42045, None)","logger":"airflow.task.hooks.airflow.providers.apache.spark.hooks.spark_submit.SparkSubmitHook"}
{"timestamp":"2025-09-03T11:50:18.543953","level":"info","event":"25/09/03 11:50:18 INFO BlockManagerMaster: Registered BlockManager BlockManagerId(driver, 9b0fda7f683c, 42045, None)","logger":"airflow.task.hooks.airflow.providers.apache.spark.hooks.spark_submit.SparkSubmitHook"}
{"timestamp":"2025-09-03T11:50:18.545566","level":"info","event":"25/09/03 11:50:18 INFO BlockManager: Initialized BlockManager: BlockManagerId(driver, 9b0fda7f683c, 42045, None)","logger":"airflow.task.hooks.airflow.providers.apache.spark.hooks.spark_submit.SparkSubmitHook"}
{"timestamp":"2025-09-03T11:50:18.959011","level":"info","event":"25/09/03 11:50:18 INFO SingleEventLogFileWriter: Logging events to file:/opt/spark/history/app-20250903115018-0003.inprogress","logger":"airflow.task.hooks.airflow.providers.apache.spark.hooks.spark_submit.SparkSubmitHook"}
{"timestamp":"2025-09-03T11:50:19.229880","level":"info","event":"25/09/03 11:50:19 INFO StandaloneSchedulerBackend: SchedulerBackend is ready for scheduling beginning after reached minRegisteredResourcesRatio: 0.0","logger":"airflow.task.hooks.airflow.providers.apache.spark.hooks.spark_submit.SparkSubmitHook"}
{"timestamp":"2025-09-03T11:50:22.413413","level":"info","event":"25/09/03 11:50:22 INFO SharedState: Setting hive.metastore.warehouse.dir ('null') to the value of spark.sql.warehouse.dir.","logger":"airflow.task.hooks.airflow.providers.apache.spark.hooks.spark_submit.SparkSubmitHook"}
{"timestamp":"2025-09-03T11:50:22.418070","level":"info","event":"25/09/03 11:50:22 INFO SharedState: Warehouse path is 'file:/opt/airflow/spark-warehouse'.","logger":"airflow.task.hooks.airflow.providers.apache.spark.hooks.spark_submit.SparkSubmitHook"}
{"timestamp":"2025-09-03T11:50:26.051843","level":"info","event":"25/09/03 11:50:26 WARN MetricsConfig: Cannot locate configuration: tried hadoop-metrics2-s3a-file-system.properties,hadoop-metrics2.properties","logger":"airflow.task.hooks.airflow.providers.apache.spark.hooks.spark_submit.SparkSubmitHook"}
{"timestamp":"2025-09-03T11:50:26.074785","level":"info","event":"25/09/03 11:50:26 INFO MetricsSystemImpl: Scheduled Metric snapshot period at 10 second(s).","logger":"airflow.task.hooks.airflow.providers.apache.spark.hooks.spark_submit.SparkSubmitHook"}
{"timestamp":"2025-09-03T11:50:26.074969","level":"info","event":"25/09/03 11:50:26 INFO MetricsSystemImpl: s3a-file-system metrics system started","logger":"airflow.task.hooks.airflow.providers.apache.spark.hooks.spark_submit.SparkSubmitHook"}
{"timestamp":"2025-09-03T11:50:27.527399","level":"info","event":"25/09/03 11:50:27 INFO InMemoryFileIndex: It took 104 ms to list leaf files for 1 paths.","logger":"airflow.task.hooks.airflow.providers.apache.spark.hooks.spark_submit.SparkSubmitHook"}
{"timestamp":"2025-09-03T11:50:28.006657","level":"info","event":"25/09/03 11:50:28 INFO SparkContext: Starting job: parquet at NativeMethodAccessorImpl.java:0","logger":"airflow.task.hooks.airflow.providers.apache.spark.hooks.spark_submit.SparkSubmitHook"}
{"timestamp":"2025-09-03T11:50:28.032819","level":"info","event":"25/09/03 11:50:28 INFO DAGScheduler: Got job 0 (parquet at NativeMethodAccessorImpl.java:0) with 1 output partitions","logger":"airflow.task.hooks.airflow.providers.apache.spark.hooks.spark_submit.SparkSubmitHook"}
{"timestamp":"2025-09-03T11:50:28.033627","level":"info","event":"25/09/03 11:50:28 INFO DAGScheduler: Final stage: ResultStage 0 (parquet at NativeMethodAccessorImpl.java:0)","logger":"airflow.task.hooks.airflow.providers.apache.spark.hooks.spark_submit.SparkSubmitHook"}
{"timestamp":"2025-09-03T11:50:28.034438","level":"info","event":"25/09/03 11:50:28 INFO DAGScheduler: Parents of final stage: List()","logger":"airflow.task.hooks.airflow.providers.apache.spark.hooks.spark_submit.SparkSubmitHook"}
{"timestamp":"2025-09-03T11:50:28.036744","level":"info","event":"25/09/03 11:50:28 INFO DAGScheduler: Missing parents: List()","logger":"airflow.task.hooks.airflow.providers.apache.spark.hooks.spark_submit.SparkSubmitHook"}
{"timestamp":"2025-09-03T11:50:28.043125","level":"info","event":"25/09/03 11:50:28 INFO DAGScheduler: Submitting ResultStage 0 (MapPartitionsRDD[1] at parquet at NativeMethodAccessorImpl.java:0), which has no missing parents","logger":"airflow.task.hooks.airflow.providers.apache.spark.hooks.spark_submit.SparkSubmitHook"}
{"timestamp":"2025-09-03T11:50:28.122982","level":"info","event":"25/09/03 11:50:28 INFO MemoryStore: Block broadcast_0 stored as values in memory (estimated size 105.5 KiB, free 434.3 MiB)","logger":"airflow.task.hooks.airflow.providers.apache.spark.hooks.spark_submit.SparkSubmitHook"}
{"timestamp":"2025-09-03T11:50:28.181853","level":"info","event":"25/09/03 11:50:28 INFO MemoryStore: Block broadcast_0_piece0 stored as bytes in memory (estimated size 38.4 KiB, free 434.3 MiB)","logger":"airflow.task.hooks.airflow.providers.apache.spark.hooks.spark_submit.SparkSubmitHook"}
{"timestamp":"2025-09-03T11:50:28.185903","level":"info","event":"25/09/03 11:50:28 INFO BlockManagerInfo: Added broadcast_0_piece0 in memory on 9b0fda7f683c:42045 (size: 38.4 KiB, free: 434.4 MiB)","logger":"airflow.task.hooks.airflow.providers.apache.spark.hooks.spark_submit.SparkSubmitHook"}
{"timestamp":"2025-09-03T11:50:28.190331","level":"info","event":"25/09/03 11:50:28 INFO SparkContext: Created broadcast 0 from broadcast at DAGScheduler.scala:1580","logger":"airflow.task.hooks.airflow.providers.apache.spark.hooks.spark_submit.SparkSubmitHook"}
{"timestamp":"2025-09-03T11:50:28.213655","level":"info","event":"25/09/03 11:50:28 INFO DAGScheduler: Submitting 1 missing tasks from ResultStage 0 (MapPartitionsRDD[1] at parquet at NativeMethodAccessorImpl.java:0) (first 15 tasks are for partitions Vector(0))","logger":"airflow.task.hooks.airflow.providers.apache.spark.hooks.spark_submit.SparkSubmitHook"}
{"timestamp":"2025-09-03T11:50:28.215805","level":"info","event":"25/09/03 11:50:28 INFO TaskSchedulerImpl: Adding task set 0.0 with 1 tasks resource profile 0","logger":"airflow.task.hooks.airflow.providers.apache.spark.hooks.spark_submit.SparkSubmitHook"}
{"timestamp":"2025-09-03T11:50:43.229030","level":"info","event":"25/09/03 11:50:43 WARN TaskSchedulerImpl: Initial job has not accepted any resources; check your cluster UI to ensure that workers are registered and have sufficient resources","logger":"airflow.task.hooks.airflow.providers.apache.spark.hooks.spark_submit.SparkSubmitHook"}
{"timestamp":"2025-09-03T11:50:58.228544","level":"info","event":"25/09/03 11:50:58 WARN TaskSchedulerImpl: Initial job has not accepted any resources; check your cluster UI to ensure that workers are registered and have sufficient resources","logger":"airflow.task.hooks.airflow.providers.apache.spark.hooks.spark_submit.SparkSubmitHook"}
{"timestamp":"2025-09-03T11:51:13.233472","level":"info","event":"25/09/03 11:51:13 WARN TaskSchedulerImpl: Initial job has not accepted any resources; check your cluster UI to ensure that workers are registered and have sufficient resources","logger":"airflow.task.hooks.airflow.providers.apache.spark.hooks.spark_submit.SparkSubmitHook"}
{"timestamp":"2025-09-03T11:51:28.228807","level":"info","event":"25/09/03 11:51:28 WARN TaskSchedulerImpl: Initial job has not accepted any resources; check your cluster UI to ensure that workers are registered and have sufficient resources","logger":"airflow.task.hooks.airflow.providers.apache.spark.hooks.spark_submit.SparkSubmitHook"}
{"timestamp":"2025-09-03T11:51:43.227725","level":"info","event":"25/09/03 11:51:43 WARN TaskSchedulerImpl: Initial job has not accepted any resources; check your cluster UI to ensure that workers are registered and have sufficient resources","logger":"airflow.task.hooks.airflow.providers.apache.spark.hooks.spark_submit.SparkSubmitHook"}
{"timestamp":"2025-09-03T11:51:58.228368","level":"info","event":"25/09/03 11:51:58 WARN TaskSchedulerImpl: Initial job has not accepted any resources; check your cluster UI to ensure that workers are registered and have sufficient resources","logger":"airflow.task.hooks.airflow.providers.apache.spark.hooks.spark_submit.SparkSubmitHook"}
{"timestamp":"2025-09-03T11:52:13.228798","level":"info","event":"25/09/03 11:52:13 WARN TaskSchedulerImpl: Initial job has not accepted any resources; check your cluster UI to ensure that workers are registered and have sufficient resources","logger":"airflow.task.hooks.airflow.providers.apache.spark.hooks.spark_submit.SparkSubmitHook"}
{"timestamp":"2025-09-03T11:52:28.228305","level":"info","event":"25/09/03 11:52:28 WARN TaskSchedulerImpl: Initial job has not accepted any resources; check your cluster UI to ensure that workers are registered and have sufficient resources","logger":"airflow.task.hooks.airflow.providers.apache.spark.hooks.spark_submit.SparkSubmitHook"}
{"timestamp":"2025-09-03T11:52:43.228275","level":"info","event":"25/09/03 11:52:43 WARN TaskSchedulerImpl: Initial job has not accepted any resources; check your cluster UI to ensure that workers are registered and have sufficient resources","logger":"airflow.task.hooks.airflow.providers.apache.spark.hooks.spark_submit.SparkSubmitHook"}
{"timestamp":"2025-09-03T11:52:58.227727","level":"info","event":"25/09/03 11:52:58 WARN TaskSchedulerImpl: Initial job has not accepted any resources; check your cluster UI to ensure that workers are registered and have sufficient resources","logger":"airflow.task.hooks.airflow.providers.apache.spark.hooks.spark_submit.SparkSubmitHook"}
{"timestamp":"2025-09-03T11:53:13.228924","level":"info","event":"25/09/03 11:53:13 WARN TaskSchedulerImpl: Initial job has not accepted any resources; check your cluster UI to ensure that workers are registered and have sufficient resources","logger":"airflow.task.hooks.airflow.providers.apache.spark.hooks.spark_submit.SparkSubmitHook"}
{"timestamp":"2025-09-03T11:53:28.228804","level":"info","event":"25/09/03 11:53:28 WARN TaskSchedulerImpl: Initial job has not accepted any resources; check your cluster UI to ensure that workers are registered and have sufficient resources","logger":"airflow.task.hooks.airflow.providers.apache.spark.hooks.spark_submit.SparkSubmitHook"}
{"timestamp":"2025-09-03T11:53:43.228422","level":"info","event":"25/09/03 11:53:43 WARN TaskSchedulerImpl: Initial job has not accepted any resources; check your cluster UI to ensure that workers are registered and have sufficient resources","logger":"airflow.task.hooks.airflow.providers.apache.spark.hooks.spark_submit.SparkSubmitHook"}
{"timestamp":"2025-09-03T11:53:58.227952","level":"info","event":"25/09/03 11:53:58 WARN TaskSchedulerImpl: Initial job has not accepted any resources; check your cluster UI to ensure that workers are registered and have sufficient resources","logger":"airflow.task.hooks.airflow.providers.apache.spark.hooks.spark_submit.SparkSubmitHook"}
{"timestamp":"2025-09-03T11:54:13.228423","level":"info","event":"25/09/03 11:54:13 WARN TaskSchedulerImpl: Initial job has not accepted any resources; check your cluster UI to ensure that workers are registered and have sufficient resources","logger":"airflow.task.hooks.airflow.providers.apache.spark.hooks.spark_submit.SparkSubmitHook"}
{"timestamp":"2025-09-03T11:54:28.228210","level":"info","event":"25/09/03 11:54:28 WARN TaskSchedulerImpl: Initial job has not accepted any resources; check your cluster UI to ensure that workers are registered and have sufficient resources","logger":"airflow.task.hooks.airflow.providers.apache.spark.hooks.spark_submit.SparkSubmitHook"}
{"timestamp":"2025-09-03T11:54:43.228838","level":"info","event":"25/09/03 11:54:43 WARN TaskSchedulerImpl: Initial job has not accepted any resources; check your cluster UI to ensure that workers are registered and have sufficient resources","logger":"airflow.task.hooks.airflow.providers.apache.spark.hooks.spark_submit.SparkSubmitHook"}
{"timestamp":"2025-09-03T11:54:58.228822","level":"info","event":"25/09/03 11:54:58 WARN TaskSchedulerImpl: Initial job has not accepted any resources; check your cluster UI to ensure that workers are registered and have sufficient resources","logger":"airflow.task.hooks.airflow.providers.apache.spark.hooks.spark_submit.SparkSubmitHook"}
{"timestamp":"2025-09-03T11:55:13.230229","level":"info","event":"25/09/03 11:55:13 WARN TaskSchedulerImpl: Initial job has not accepted any resources; check your cluster UI to ensure that workers are registered and have sufficient resources","logger":"airflow.task.hooks.airflow.providers.apache.spark.hooks.spark_submit.SparkSubmitHook"}
{"timestamp":"2025-09-03T11:55:28.228123","level":"info","event":"25/09/03 11:55:28 WARN TaskSchedulerImpl: Initial job has not accepted any resources; check your cluster UI to ensure that workers are registered and have sufficient resources","logger":"airflow.task.hooks.airflow.providers.apache.spark.hooks.spark_submit.SparkSubmitHook"}
{"timestamp":"2025-09-03T11:55:43.227860","level":"info","event":"25/09/03 11:55:43 WARN TaskSchedulerImpl: Initial job has not accepted any resources; check your cluster UI to ensure that workers are registered and have sufficient resources","logger":"airflow.task.hooks.airflow.providers.apache.spark.hooks.spark_submit.SparkSubmitHook"}
{"timestamp":"2025-09-03T11:55:58.228356","level":"info","event":"25/09/03 11:55:58 WARN TaskSchedulerImpl: Initial job has not accepted any resources; check your cluster UI to ensure that workers are registered and have sufficient resources","logger":"airflow.task.hooks.airflow.providers.apache.spark.hooks.spark_submit.SparkSubmitHook"}
{"timestamp":"2025-09-03T11:56:13.228050","level":"info","event":"25/09/03 11:56:13 WARN TaskSchedulerImpl: Initial job has not accepted any resources; check your cluster UI to ensure that workers are registered and have sufficient resources","logger":"airflow.task.hooks.airflow.providers.apache.spark.hooks.spark_submit.SparkSubmitHook"}
{"timestamp":"2025-09-03T11:56:28.228382","level":"info","event":"25/09/03 11:56:28 WARN TaskSchedulerImpl: Initial job has not accepted any resources; check your cluster UI to ensure that workers are registered and have sufficient resources","logger":"airflow.task.hooks.airflow.providers.apache.spark.hooks.spark_submit.SparkSubmitHook"}
{"timestamp":"2025-09-03T11:56:43.228645","level":"info","event":"25/09/03 11:56:43 WARN TaskSchedulerImpl: Initial job has not accepted any resources; check your cluster UI to ensure that workers are registered and have sufficient resources","logger":"airflow.task.hooks.airflow.providers.apache.spark.hooks.spark_submit.SparkSubmitHook"}
{"timestamp":"2025-09-03T11:56:58.228294","level":"info","event":"25/09/03 11:56:58 WARN TaskSchedulerImpl: Initial job has not accepted any resources; check your cluster UI to ensure that workers are registered and have sufficient resources","logger":"airflow.task.hooks.airflow.providers.apache.spark.hooks.spark_submit.SparkSubmitHook"}
{"timestamp":"2025-09-03T11:57:13.228306","level":"info","event":"25/09/03 11:57:13 WARN TaskSchedulerImpl: Initial job has not accepted any resources; check your cluster UI to ensure that workers are registered and have sufficient resources","logger":"airflow.task.hooks.airflow.providers.apache.spark.hooks.spark_submit.SparkSubmitHook"}
{"timestamp":"2025-09-03T11:57:28.227712","level":"info","event":"25/09/03 11:57:28 WARN TaskSchedulerImpl: Initial job has not accepted any resources; check your cluster UI to ensure that workers are registered and have sufficient resources","logger":"airflow.task.hooks.airflow.providers.apache.spark.hooks.spark_submit.SparkSubmitHook"}
{"timestamp":"2025-09-03T11:57:43.227719","level":"info","event":"25/09/03 11:57:43 WARN TaskSchedulerImpl: Initial job has not accepted any resources; check your cluster UI to ensure that workers are registered and have sufficient resources","logger":"airflow.task.hooks.airflow.providers.apache.spark.hooks.spark_submit.SparkSubmitHook"}
{"timestamp":"2025-09-03T11:57:58.228441","level":"info","event":"25/09/03 11:57:58 WARN TaskSchedulerImpl: Initial job has not accepted any resources; check your cluster UI to ensure that workers are registered and have sufficient resources","logger":"airflow.task.hooks.airflow.providers.apache.spark.hooks.spark_submit.SparkSubmitHook"}
{"timestamp":"2025-09-03T11:58:13.228291","level":"info","event":"25/09/03 11:58:13 WARN TaskSchedulerImpl: Initial job has not accepted any resources; check your cluster UI to ensure that workers are registered and have sufficient resources","logger":"airflow.task.hooks.airflow.providers.apache.spark.hooks.spark_submit.SparkSubmitHook"}
{"timestamp":"2025-09-03T11:58:28.227798","level":"info","event":"25/09/03 11:58:28 WARN TaskSchedulerImpl: Initial job has not accepted any resources; check your cluster UI to ensure that workers are registered and have sufficient resources","logger":"airflow.task.hooks.airflow.providers.apache.spark.hooks.spark_submit.SparkSubmitHook"}
{"timestamp":"2025-09-03T11:58:43.229056","level":"info","event":"25/09/03 11:58:43 WARN TaskSchedulerImpl: Initial job has not accepted any resources; check your cluster UI to ensure that workers are registered and have sufficient resources","logger":"airflow.task.hooks.airflow.providers.apache.spark.hooks.spark_submit.SparkSubmitHook"}
{"timestamp":"2025-09-03T11:58:58.228553","level":"info","event":"25/09/03 11:58:58 WARN TaskSchedulerImpl: Initial job has not accepted any resources; check your cluster UI to ensure that workers are registered and have sufficient resources","logger":"airflow.task.hooks.airflow.providers.apache.spark.hooks.spark_submit.SparkSubmitHook"}
{"timestamp":"2025-09-03T11:59:13.231162","level":"info","event":"25/09/03 11:59:13 WARN TaskSchedulerImpl: Initial job has not accepted any resources; check your cluster UI to ensure that workers are registered and have sufficient resources","logger":"airflow.task.hooks.airflow.providers.apache.spark.hooks.spark_submit.SparkSubmitHook"}
{"timestamp":"2025-09-03T11:59:28.228797","level":"info","event":"25/09/03 11:59:28 WARN TaskSchedulerImpl: Initial job has not accepted any resources; check your cluster UI to ensure that workers are registered and have sufficient resources","logger":"airflow.task.hooks.airflow.providers.apache.spark.hooks.spark_submit.SparkSubmitHook"}
{"timestamp":"2025-09-03T11:59:43.227893","level":"info","event":"25/09/03 11:59:43 WARN TaskSchedulerImpl: Initial job has not accepted any resources; check your cluster UI to ensure that workers are registered and have sufficient resources","logger":"airflow.task.hooks.airflow.providers.apache.spark.hooks.spark_submit.SparkSubmitHook"}
{"timestamp":"2025-09-03T11:59:58.228417","level":"info","event":"25/09/03 11:59:58 WARN TaskSchedulerImpl: Initial job has not accepted any resources; check your cluster UI to ensure that workers are registered and have sufficient resources","logger":"airflow.task.hooks.airflow.providers.apache.spark.hooks.spark_submit.SparkSubmitHook"}
{"timestamp":"2025-09-03T12:00:13.228437","level":"info","event":"25/09/03 12:00:13 WARN TaskSchedulerImpl: Initial job has not accepted any resources; check your cluster UI to ensure that workers are registered and have sufficient resources","logger":"airflow.task.hooks.airflow.providers.apache.spark.hooks.spark_submit.SparkSubmitHook"}
{"timestamp":"2025-09-03T12:00:28.227760","level":"info","event":"25/09/03 12:00:28 WARN TaskSchedulerImpl: Initial job has not accepted any resources; check your cluster UI to ensure that workers are registered and have sufficient resources","logger":"airflow.task.hooks.airflow.providers.apache.spark.hooks.spark_submit.SparkSubmitHook"}
{"timestamp":"2025-09-03T12:00:43.228502","level":"info","event":"25/09/03 12:00:43 WARN TaskSchedulerImpl: Initial job has not accepted any resources; check your cluster UI to ensure that workers are registered and have sufficient resources","logger":"airflow.task.hooks.airflow.providers.apache.spark.hooks.spark_submit.SparkSubmitHook"}
{"timestamp":"2025-09-03T12:00:58.227898","level":"info","event":"25/09/03 12:00:58 WARN TaskSchedulerImpl: Initial job has not accepted any resources; check your cluster UI to ensure that workers are registered and have sufficient resources","logger":"airflow.task.hooks.airflow.providers.apache.spark.hooks.spark_submit.SparkSubmitHook"}
{"timestamp":"2025-09-03T12:01:13.228245","level":"info","event":"25/09/03 12:01:13 WARN TaskSchedulerImpl: Initial job has not accepted any resources; check your cluster UI to ensure that workers are registered and have sufficient resources","logger":"airflow.task.hooks.airflow.providers.apache.spark.hooks.spark_submit.SparkSubmitHook"}
{"timestamp":"2025-09-03T12:01:28.228387","level":"info","event":"25/09/03 12:01:28 WARN TaskSchedulerImpl: Initial job has not accepted any resources; check your cluster UI to ensure that workers are registered and have sufficient resources","logger":"airflow.task.hooks.airflow.providers.apache.spark.hooks.spark_submit.SparkSubmitHook"}
{"timestamp":"2025-09-03T12:01:43.228351","level":"info","event":"25/09/03 12:01:43 WARN TaskSchedulerImpl: Initial job has not accepted any resources; check your cluster UI to ensure that workers are registered and have sufficient resources","logger":"airflow.task.hooks.airflow.providers.apache.spark.hooks.spark_submit.SparkSubmitHook"}
{"timestamp":"2025-09-03T12:01:58.228045","level":"info","event":"25/09/03 12:01:58 WARN TaskSchedulerImpl: Initial job has not accepted any resources; check your cluster UI to ensure that workers are registered and have sufficient resources","logger":"airflow.task.hooks.airflow.providers.apache.spark.hooks.spark_submit.SparkSubmitHook"}
{"timestamp":"2025-09-03T12:02:13.230445","level":"info","event":"25/09/03 12:02:13 WARN TaskSchedulerImpl: Initial job has not accepted any resources; check your cluster UI to ensure that workers are registered and have sufficient resources","logger":"airflow.task.hooks.airflow.providers.apache.spark.hooks.spark_submit.SparkSubmitHook"}
{"timestamp":"2025-09-03T12:02:28.227852","level":"info","event":"25/09/03 12:02:28 WARN TaskSchedulerImpl: Initial job has not accepted any resources; check your cluster UI to ensure that workers are registered and have sufficient resources","logger":"airflow.task.hooks.airflow.providers.apache.spark.hooks.spark_submit.SparkSubmitHook"}
