{"timestamp":"2025-09-03T13:50:07.379091","level":"info","event":"DAG bundles loaded: dags-folder","logger":"airflow.dag_processing.bundles.manager.DagBundlesManager"}
{"timestamp":"2025-09-03T13:50:07.453168","level":"info","event":"Filling up the DagBag from /opt/airflow/dags/test.py","logger":"airflow.models.dagbag.DagBag"}
{"timestamp":"2025-09-03T13:50:07.772067","level":"info","event":"Secrets backends loaded for worker","count":1,"backend_classes":["EnvironmentVariablesBackend"],"logger":"supervisor"}
{"timestamp":"2025-09-03T13:50:07.793735","level":"info","event":"Connection Retrieved 'spark_default'","logger":"airflow.hooks.base"}
{"timestamp":"2025-09-03T13:50:07.795199","level":"info","event":"Spark-Submit cmd: spark-submit --master spark-master:7077 --total-executor-cores 2 --executor-memory 2g --name arrow-spark --verbose /opt/airflow/dags/spark_minio_job.py","logger":"airflow.task.hooks.airflow.providers.apache.spark.hooks.spark_submit.SparkSubmitHook"}
{"timestamp":"2025-09-03T13:50:21.473776","level":"info","event":"Using properties file: /opt/spark/conf/spark-defaults.conf","logger":"airflow.task.hooks.airflow.providers.apache.spark.hooks.spark_submit.SparkSubmitHook"}
{"timestamp":"2025-09-03T13:50:21.787627","level":"info","event":"Adding default property: spark.delta.logStore.class=org.apache.spark.sql.delta.storage.S3SingleDriverLogStore","logger":"airflow.task.hooks.airflow.providers.apache.spark.hooks.spark_submit.SparkSubmitHook"}
{"timestamp":"2025-09-03T13:50:21.788170","level":"info","event":"Adding default property: spark.history.fs.logDirectory=s3a://spark/","logger":"airflow.task.hooks.airflow.providers.apache.spark.hooks.spark_submit.SparkSubmitHook"}
{"timestamp":"2025-09-03T13:50:21.788480","level":"info","event":"Adding default property: spark.eventLog.enabled=true","logger":"airflow.task.hooks.airflow.providers.apache.spark.hooks.spark_submit.SparkSubmitHook"}
{"timestamp":"2025-09-03T13:50:21.788757","level":"info","event":"Adding default property: spark.sql.files.ignoreMissingFiles=true","logger":"airflow.task.hooks.airflow.providers.apache.spark.hooks.spark_submit.SparkSubmitHook"}
{"timestamp":"2025-09-03T13:50:21.789020","level":"info","event":"Adding default property: spark.sql.catalog.spark_catalog=org.apache.spark.sql.delta.catalog.DeltaCatalog","logger":"airflow.task.hooks.airflow.providers.apache.spark.hooks.spark_submit.SparkSubmitHook"}
{"timestamp":"2025-09-03T13:50:21.789266","level":"info","event":"Adding default property: spark.hadoop.fs.s3a.path.style.access=true","logger":"airflow.task.hooks.airflow.providers.apache.spark.hooks.spark_submit.SparkSubmitHook"}
{"timestamp":"2025-09-03T13:50:21.789514","level":"info","event":"Adding default property: spark.network.timeout=10000s","logger":"airflow.task.hooks.airflow.providers.apache.spark.hooks.spark_submit.SparkSubmitHook"}
{"timestamp":"2025-09-03T13:50:21.789773","level":"info","event":"Adding default property: spark.hadoop.fs.s3a.secret.key=*********(redacted)","logger":"airflow.task.hooks.airflow.providers.apache.spark.hooks.spark_submit.SparkSubmitHook"}
{"timestamp":"2025-09-03T13:50:21.790042","level":"info","event":"Adding default property: spark.hadoop.fs.s3a.multiobjectdelete.enable=true","logger":"airflow.task.hooks.airflow.providers.apache.spark.hooks.spark_submit.SparkSubmitHook"}
{"timestamp":"2025-09-03T13:50:21.790291","level":"info","event":"Adding default property: spark.logConf=true","logger":"airflow.task.hooks.airflow.providers.apache.spark.hooks.spark_submit.SparkSubmitHook"}
{"timestamp":"2025-09-03T13:50:21.790528","level":"info","event":"Adding default property: spark.hadoop.fs.s3a.access.key=*********(redacted)","logger":"airflow.task.hooks.airflow.providers.apache.spark.hooks.spark_submit.SparkSubmitHook"}
{"timestamp":"2025-09-03T13:50:21.790815","level":"info","event":"Adding default property: spark.sql.sources.partitionOverwriteMode=dynamic","logger":"airflow.task.hooks.airflow.providers.apache.spark.hooks.spark_submit.SparkSubmitHook"}
{"timestamp":"2025-09-03T13:50:21.791063","level":"info","event":"Adding default property: spark.eventLog.dir=/opt/spark/history","logger":"airflow.task.hooks.airflow.providers.apache.spark.hooks.spark_submit.SparkSubmitHook"}
{"timestamp":"2025-09-03T13:50:21.791362","level":"info","event":"Adding default property: spark.hadoop.fs.s3a.endpoint=http://minio:9000","logger":"airflow.task.hooks.airflow.providers.apache.spark.hooks.spark_submit.SparkSubmitHook"}
{"timestamp":"2025-09-03T13:50:21.791588","level":"info","event":"Adding default property: spark.hadoop.fs.s3a.impl=org.apache.hadoop.fs.s3a.S3AFileSystem","logger":"airflow.task.hooks.airflow.providers.apache.spark.hooks.spark_submit.SparkSubmitHook"}
{"timestamp":"2025-09-03T13:50:21.791800","level":"info","event":"Adding default property: spark.sql.extensions=io.delta.sql.DeltaSparkSessionExtension","logger":"airflow.task.hooks.airflow.providers.apache.spark.hooks.spark_submit.SparkSubmitHook"}
{"timestamp":"2025-09-03T13:50:21.792054","level":"info","event":"Adding default property: spark.hadoop.fs.s3a.fast.upload=true","logger":"airflow.task.hooks.airflow.providers.apache.spark.hooks.spark_submit.SparkSubmitHook"}
{"timestamp":"2025-09-03T13:50:21.883786","level":"info","event":"Parsed arguments:","logger":"airflow.task.hooks.airflow.providers.apache.spark.hooks.spark_submit.SparkSubmitHook"}
{"timestamp":"2025-09-03T13:50:21.884351","level":"info","event":"master                  spark-master:7077","logger":"airflow.task.hooks.airflow.providers.apache.spark.hooks.spark_submit.SparkSubmitHook"}
{"timestamp":"2025-09-03T13:50:21.884744","level":"info","event":"remote                  null","logger":"airflow.task.hooks.airflow.providers.apache.spark.hooks.spark_submit.SparkSubmitHook"}
{"timestamp":"2025-09-03T13:50:21.885116","level":"info","event":"deployMode              null","logger":"airflow.task.hooks.airflow.providers.apache.spark.hooks.spark_submit.SparkSubmitHook"}
{"timestamp":"2025-09-03T13:50:21.885436","level":"info","event":"executorMemory          2g","logger":"airflow.task.hooks.airflow.providers.apache.spark.hooks.spark_submit.SparkSubmitHook"}
{"timestamp":"2025-09-03T13:50:21.885723","level":"info","event":"executorCores           null","logger":"airflow.task.hooks.airflow.providers.apache.spark.hooks.spark_submit.SparkSubmitHook"}
{"timestamp":"2025-09-03T13:50:21.886058","level":"info","event":"totalExecutorCores      2","logger":"airflow.task.hooks.airflow.providers.apache.spark.hooks.spark_submit.SparkSubmitHook"}
{"timestamp":"2025-09-03T13:50:21.886344","level":"info","event":"propertiesFile          /opt/spark/conf/spark-defaults.conf","logger":"airflow.task.hooks.airflow.providers.apache.spark.hooks.spark_submit.SparkSubmitHook"}
{"timestamp":"2025-09-03T13:50:21.886694","level":"info","event":"driverMemory            null","logger":"airflow.task.hooks.airflow.providers.apache.spark.hooks.spark_submit.SparkSubmitHook"}
{"timestamp":"2025-09-03T13:50:21.887002","level":"info","event":"driverCores             null","logger":"airflow.task.hooks.airflow.providers.apache.spark.hooks.spark_submit.SparkSubmitHook"}
{"timestamp":"2025-09-03T13:50:21.887382","level":"info","event":"driverExtraClassPath    null","logger":"airflow.task.hooks.airflow.providers.apache.spark.hooks.spark_submit.SparkSubmitHook"}
{"timestamp":"2025-09-03T13:50:21.887664","level":"info","event":"driverExtraLibraryPath  null","logger":"airflow.task.hooks.airflow.providers.apache.spark.hooks.spark_submit.SparkSubmitHook"}
{"timestamp":"2025-09-03T13:50:21.887943","level":"info","event":"driverExtraJavaOptions  null","logger":"airflow.task.hooks.airflow.providers.apache.spark.hooks.spark_submit.SparkSubmitHook"}
{"timestamp":"2025-09-03T13:50:21.888460","level":"info","event":"supervise               false","logger":"airflow.task.hooks.airflow.providers.apache.spark.hooks.spark_submit.SparkSubmitHook"}
{"timestamp":"2025-09-03T13:50:21.888814","level":"info","event":"queue                   null","logger":"airflow.task.hooks.airflow.providers.apache.spark.hooks.spark_submit.SparkSubmitHook"}
{"timestamp":"2025-09-03T13:50:21.889173","level":"info","event":"numExecutors            null","logger":"airflow.task.hooks.airflow.providers.apache.spark.hooks.spark_submit.SparkSubmitHook"}
{"timestamp":"2025-09-03T13:50:21.889476","level":"info","event":"files                   null","logger":"airflow.task.hooks.airflow.providers.apache.spark.hooks.spark_submit.SparkSubmitHook"}
{"timestamp":"2025-09-03T13:50:21.889848","level":"info","event":"pyFiles                 null","logger":"airflow.task.hooks.airflow.providers.apache.spark.hooks.spark_submit.SparkSubmitHook"}
{"timestamp":"2025-09-03T13:50:21.890175","level":"info","event":"archives                null","logger":"airflow.task.hooks.airflow.providers.apache.spark.hooks.spark_submit.SparkSubmitHook"}
{"timestamp":"2025-09-03T13:50:21.890440","level":"info","event":"mainClass               null","logger":"airflow.task.hooks.airflow.providers.apache.spark.hooks.spark_submit.SparkSubmitHook"}
{"timestamp":"2025-09-03T13:50:21.890656","level":"info","event":"primaryResource         file:/opt/airflow/dags/spark_minio_job.py","logger":"airflow.task.hooks.airflow.providers.apache.spark.hooks.spark_submit.SparkSubmitHook"}
{"timestamp":"2025-09-03T13:50:21.890888","level":"info","event":"name                    arrow-spark","logger":"airflow.task.hooks.airflow.providers.apache.spark.hooks.spark_submit.SparkSubmitHook"}
{"timestamp":"2025-09-03T13:50:21.891831","level":"info","event":"childArgs               []","logger":"airflow.task.hooks.airflow.providers.apache.spark.hooks.spark_submit.SparkSubmitHook"}
{"timestamp":"2025-09-03T13:50:21.892227","level":"info","event":"jars                    null","logger":"airflow.task.hooks.airflow.providers.apache.spark.hooks.spark_submit.SparkSubmitHook"}
{"timestamp":"2025-09-03T13:50:21.893112","level":"info","event":"packages                null","logger":"airflow.task.hooks.airflow.providers.apache.spark.hooks.spark_submit.SparkSubmitHook"}
{"timestamp":"2025-09-03T13:50:21.893513","level":"info","event":"packagesExclusions      null","logger":"airflow.task.hooks.airflow.providers.apache.spark.hooks.spark_submit.SparkSubmitHook"}
{"timestamp":"2025-09-03T13:50:21.895014","level":"info","event":"repositories            null","logger":"airflow.task.hooks.airflow.providers.apache.spark.hooks.spark_submit.SparkSubmitHook"}
{"timestamp":"2025-09-03T13:50:21.895641","level":"info","event":"verbose                 true","logger":"airflow.task.hooks.airflow.providers.apache.spark.hooks.spark_submit.SparkSubmitHook"}
{"timestamp":"2025-09-03T13:50:21.896815","level":"info","event":"","logger":"airflow.task.hooks.airflow.providers.apache.spark.hooks.spark_submit.SparkSubmitHook"}
{"timestamp":"2025-09-03T13:50:21.897358","level":"info","event":"Spark properties used, including those specified through","logger":"airflow.task.hooks.airflow.providers.apache.spark.hooks.spark_submit.SparkSubmitHook"}
{"timestamp":"2025-09-03T13:50:21.897715","level":"info","event":"--conf and those from the properties file /opt/spark/conf/spark-defaults.conf:","logger":"airflow.task.hooks.airflow.providers.apache.spark.hooks.spark_submit.SparkSubmitHook"}
{"timestamp":"2025-09-03T13:50:21.898056","level":"info","event":"(spark.delta.logStore.class,org.apache.spark.sql.delta.storage.S3SingleDriverLogStore)","logger":"airflow.task.hooks.airflow.providers.apache.spark.hooks.spark_submit.SparkSubmitHook"}
{"timestamp":"2025-09-03T13:50:21.898331","level":"info","event":"(spark.eventLog.dir,/opt/spark/history)","logger":"airflow.task.hooks.airflow.providers.apache.spark.hooks.spark_submit.SparkSubmitHook"}
{"timestamp":"2025-09-03T13:50:21.898584","level":"info","event":"(spark.eventLog.enabled,true)","logger":"airflow.task.hooks.airflow.providers.apache.spark.hooks.spark_submit.SparkSubmitHook"}
{"timestamp":"2025-09-03T13:50:21.898843","level":"info","event":"(spark.hadoop.fs.s3a.access.key,*********(redacted))","logger":"airflow.task.hooks.airflow.providers.apache.spark.hooks.spark_submit.SparkSubmitHook"}
{"timestamp":"2025-09-03T13:50:21.899109","level":"info","event":"(spark.hadoop.fs.s3a.endpoint,http://minio:9000)","logger":"airflow.task.hooks.airflow.providers.apache.spark.hooks.spark_submit.SparkSubmitHook"}
{"timestamp":"2025-09-03T13:50:21.899378","level":"info","event":"(spark.hadoop.fs.s3a.fast.upload,true)","logger":"airflow.task.hooks.airflow.providers.apache.spark.hooks.spark_submit.SparkSubmitHook"}
{"timestamp":"2025-09-03T13:50:21.899635","level":"info","event":"(spark.hadoop.fs.s3a.impl,org.apache.hadoop.fs.s3a.S3AFileSystem)","logger":"airflow.task.hooks.airflow.providers.apache.spark.hooks.spark_submit.SparkSubmitHook"}
{"timestamp":"2025-09-03T13:50:21.899888","level":"info","event":"(spark.hadoop.fs.s3a.multiobjectdelete.enable,true)","logger":"airflow.task.hooks.airflow.providers.apache.spark.hooks.spark_submit.SparkSubmitHook"}
{"timestamp":"2025-09-03T13:50:21.900175","level":"info","event":"(spark.hadoop.fs.s3a.path.style.access,true)","logger":"airflow.task.hooks.airflow.providers.apache.spark.hooks.spark_submit.SparkSubmitHook"}
{"timestamp":"2025-09-03T13:50:21.900408","level":"info","event":"(spark.hadoop.fs.s3a.secret.key,*********(redacted))","logger":"airflow.task.hooks.airflow.providers.apache.spark.hooks.spark_submit.SparkSubmitHook"}
{"timestamp":"2025-09-03T13:50:21.900698","level":"info","event":"(spark.history.fs.logDirectory,s3a://spark/)","logger":"airflow.task.hooks.airflow.providers.apache.spark.hooks.spark_submit.SparkSubmitHook"}
{"timestamp":"2025-09-03T13:50:21.900940","level":"info","event":"(spark.logConf,true)","logger":"airflow.task.hooks.airflow.providers.apache.spark.hooks.spark_submit.SparkSubmitHook"}
{"timestamp":"2025-09-03T13:50:21.901157","level":"info","event":"(spark.network.timeout,10000s)","logger":"airflow.task.hooks.airflow.providers.apache.spark.hooks.spark_submit.SparkSubmitHook"}
{"timestamp":"2025-09-03T13:50:21.901368","level":"info","event":"(spark.sql.catalog.spark_catalog,org.apache.spark.sql.delta.catalog.DeltaCatalog)","logger":"airflow.task.hooks.airflow.providers.apache.spark.hooks.spark_submit.SparkSubmitHook"}
{"timestamp":"2025-09-03T13:50:21.901588","level":"info","event":"(spark.sql.extensions,io.delta.sql.DeltaSparkSessionExtension)","logger":"airflow.task.hooks.airflow.providers.apache.spark.hooks.spark_submit.SparkSubmitHook"}
{"timestamp":"2025-09-03T13:50:21.901933","level":"info","event":"(spark.sql.files.ignoreMissingFiles,true)","logger":"airflow.task.hooks.airflow.providers.apache.spark.hooks.spark_submit.SparkSubmitHook"}
{"timestamp":"2025-09-03T13:50:21.902910","level":"info","event":"(spark.sql.sources.partitionOverwriteMode,dynamic)","logger":"airflow.task.hooks.airflow.providers.apache.spark.hooks.spark_submit.SparkSubmitHook"}
{"timestamp":"2025-09-03T13:50:21.903441","level":"info","event":"","logger":"airflow.task.hooks.airflow.providers.apache.spark.hooks.spark_submit.SparkSubmitHook"}
{"timestamp":"2025-09-03T13:50:21.903731","level":"info","event":"","logger":"airflow.task.hooks.airflow.providers.apache.spark.hooks.spark_submit.SparkSubmitHook"}
{"timestamp":"2025-09-03T13:50:22.522135","level":"info","event":"Main class:","logger":"airflow.task.hooks.airflow.providers.apache.spark.hooks.spark_submit.SparkSubmitHook"}
{"timestamp":"2025-09-03T13:50:22.522291","level":"info","event":"org.apache.spark.deploy.PythonRunner","logger":"airflow.task.hooks.airflow.providers.apache.spark.hooks.spark_submit.SparkSubmitHook"}
{"timestamp":"2025-09-03T13:50:22.522626","level":"info","event":"Arguments:","logger":"airflow.task.hooks.airflow.providers.apache.spark.hooks.spark_submit.SparkSubmitHook"}
{"timestamp":"2025-09-03T13:50:22.522764","level":"info","event":"file:/opt/airflow/dags/spark_minio_job.py","logger":"airflow.task.hooks.airflow.providers.apache.spark.hooks.spark_submit.SparkSubmitHook"}
{"timestamp":"2025-09-03T13:50:22.522903","level":"info","event":"null","logger":"airflow.task.hooks.airflow.providers.apache.spark.hooks.spark_submit.SparkSubmitHook"}
{"timestamp":"2025-09-03T13:50:22.524828","level":"info","event":"Spark config:","logger":"airflow.task.hooks.airflow.providers.apache.spark.hooks.spark_submit.SparkSubmitHook"}
{"timestamp":"2025-09-03T13:50:22.525012","level":"info","event":"(spark.app.name,arrow-spark)","logger":"airflow.task.hooks.airflow.providers.apache.spark.hooks.spark_submit.SparkSubmitHook"}
{"timestamp":"2025-09-03T13:50:22.525083","level":"info","event":"(spark.app.submitTime,1756907422500)","logger":"airflow.task.hooks.airflow.providers.apache.spark.hooks.spark_submit.SparkSubmitHook"}
{"timestamp":"2025-09-03T13:50:22.525140","level":"info","event":"(spark.cores.max,2)","logger":"airflow.task.hooks.airflow.providers.apache.spark.hooks.spark_submit.SparkSubmitHook"}
{"timestamp":"2025-09-03T13:50:22.525191","level":"info","event":"(spark.delta.logStore.class,org.apache.spark.sql.delta.storage.S3SingleDriverLogStore)","logger":"airflow.task.hooks.airflow.providers.apache.spark.hooks.spark_submit.SparkSubmitHook"}
{"timestamp":"2025-09-03T13:50:22.525243","level":"info","event":"(spark.eventLog.dir,/opt/spark/history)","logger":"airflow.task.hooks.airflow.providers.apache.spark.hooks.spark_submit.SparkSubmitHook"}
{"timestamp":"2025-09-03T13:50:22.525293","level":"info","event":"(spark.eventLog.enabled,true)","logger":"airflow.task.hooks.airflow.providers.apache.spark.hooks.spark_submit.SparkSubmitHook"}
{"timestamp":"2025-09-03T13:50:22.525345","level":"info","event":"(spark.executor.memory,2g)","logger":"airflow.task.hooks.airflow.providers.apache.spark.hooks.spark_submit.SparkSubmitHook"}
{"timestamp":"2025-09-03T13:50:22.525431","level":"info","event":"(spark.hadoop.fs.s3a.access.key,*********(redacted))","logger":"airflow.task.hooks.airflow.providers.apache.spark.hooks.spark_submit.SparkSubmitHook"}
{"timestamp":"2025-09-03T13:50:22.525490","level":"info","event":"(spark.hadoop.fs.s3a.endpoint,http://minio:9000)","logger":"airflow.task.hooks.airflow.providers.apache.spark.hooks.spark_submit.SparkSubmitHook"}
{"timestamp":"2025-09-03T13:50:22.525539","level":"info","event":"(spark.hadoop.fs.s3a.fast.upload,true)","logger":"airflow.task.hooks.airflow.providers.apache.spark.hooks.spark_submit.SparkSubmitHook"}
{"timestamp":"2025-09-03T13:50:22.525591","level":"info","event":"(spark.hadoop.fs.s3a.impl,org.apache.hadoop.fs.s3a.S3AFileSystem)","logger":"airflow.task.hooks.airflow.providers.apache.spark.hooks.spark_submit.SparkSubmitHook"}
{"timestamp":"2025-09-03T13:50:22.525669","level":"info","event":"(spark.hadoop.fs.s3a.multiobjectdelete.enable,true)","logger":"airflow.task.hooks.airflow.providers.apache.spark.hooks.spark_submit.SparkSubmitHook"}
{"timestamp":"2025-09-03T13:50:22.525783","level":"info","event":"(spark.hadoop.fs.s3a.path.style.access,true)","logger":"airflow.task.hooks.airflow.providers.apache.spark.hooks.spark_submit.SparkSubmitHook"}
{"timestamp":"2025-09-03T13:50:22.525915","level":"info","event":"(spark.hadoop.fs.s3a.secret.key,*********(redacted))","logger":"airflow.task.hooks.airflow.providers.apache.spark.hooks.spark_submit.SparkSubmitHook"}
{"timestamp":"2025-09-03T13:50:22.526023","level":"info","event":"(spark.history.fs.logDirectory,s3a://spark/)","logger":"airflow.task.hooks.airflow.providers.apache.spark.hooks.spark_submit.SparkSubmitHook"}
{"timestamp":"2025-09-03T13:50:22.526126","level":"info","event":"(spark.logConf,true)","logger":"airflow.task.hooks.airflow.providers.apache.spark.hooks.spark_submit.SparkSubmitHook"}
{"timestamp":"2025-09-03T13:50:22.526226","level":"info","event":"(spark.master,spark-master:7077)","logger":"airflow.task.hooks.airflow.providers.apache.spark.hooks.spark_submit.SparkSubmitHook"}
{"timestamp":"2025-09-03T13:50:22.526370","level":"info","event":"(spark.network.timeout,10000s)","logger":"airflow.task.hooks.airflow.providers.apache.spark.hooks.spark_submit.SparkSubmitHook"}
{"timestamp":"2025-09-03T13:50:22.526495","level":"info","event":"(spark.sql.catalog.spark_catalog,org.apache.spark.sql.delta.catalog.DeltaCatalog)","logger":"airflow.task.hooks.airflow.providers.apache.spark.hooks.spark_submit.SparkSubmitHook"}
{"timestamp":"2025-09-03T13:50:22.526601","level":"info","event":"(spark.sql.extensions,io.delta.sql.DeltaSparkSessionExtension)","logger":"airflow.task.hooks.airflow.providers.apache.spark.hooks.spark_submit.SparkSubmitHook"}
{"timestamp":"2025-09-03T13:50:22.526704","level":"info","event":"(spark.sql.files.ignoreMissingFiles,true)","logger":"airflow.task.hooks.airflow.providers.apache.spark.hooks.spark_submit.SparkSubmitHook"}
{"timestamp":"2025-09-03T13:50:22.526841","level":"info","event":"(spark.sql.sources.partitionOverwriteMode,dynamic)","logger":"airflow.task.hooks.airflow.providers.apache.spark.hooks.spark_submit.SparkSubmitHook"}
{"timestamp":"2025-09-03T13:50:22.526938","level":"info","event":"(spark.submit.deployMode,client)","logger":"airflow.task.hooks.airflow.providers.apache.spark.hooks.spark_submit.SparkSubmitHook"}
{"timestamp":"2025-09-03T13:50:22.527034","level":"info","event":"(spark.submit.pyFiles,)","logger":"airflow.task.hooks.airflow.providers.apache.spark.hooks.spark_submit.SparkSubmitHook"}
{"timestamp":"2025-09-03T13:50:22.527147","level":"info","event":"Classpath elements:","logger":"airflow.task.hooks.airflow.providers.apache.spark.hooks.spark_submit.SparkSubmitHook"}
{"timestamp":"2025-09-03T13:50:22.527296","level":"info","event":"","logger":"airflow.task.hooks.airflow.providers.apache.spark.hooks.spark_submit.SparkSubmitHook"}
{"timestamp":"2025-09-03T13:50:22.527406","level":"info","event":"","logger":"airflow.task.hooks.airflow.providers.apache.spark.hooks.spark_submit.SparkSubmitHook"}
{"timestamp":"2025-09-03T13:50:22.527494","level":"info","event":"","logger":"airflow.task.hooks.airflow.providers.apache.spark.hooks.spark_submit.SparkSubmitHook"}
{"timestamp":"2025-09-03T13:50:24.889482","level":"info","event":"25/09/03 13:50:24 INFO SparkContext: Running Spark version 3.5.0","logger":"airflow.task.hooks.airflow.providers.apache.spark.hooks.spark_submit.SparkSubmitHook"}
{"timestamp":"2025-09-03T13:50:24.891778","level":"info","event":"25/09/03 13:50:24 INFO SparkContext: OS info Linux, 6.6.87.2-microsoft-standard-WSL2, amd64","logger":"airflow.task.hooks.airflow.providers.apache.spark.hooks.spark_submit.SparkSubmitHook"}
{"timestamp":"2025-09-03T13:50:24.892483","level":"info","event":"25/09/03 13:50:24 INFO SparkContext: Java version 17.0.16","logger":"airflow.task.hooks.airflow.providers.apache.spark.hooks.spark_submit.SparkSubmitHook"}
{"timestamp":"2025-09-03T13:50:25.088311","level":"info","event":"25/09/03 13:50:25 WARN NativeCodeLoader: Unable to load native-hadoop library for your platform... using builtin-java classes where applicable","logger":"airflow.task.hooks.airflow.providers.apache.spark.hooks.spark_submit.SparkSubmitHook"}
{"timestamp":"2025-09-03T13:50:25.387200","level":"info","event":"25/09/03 13:50:25 INFO ResourceUtils: ==============================================================","logger":"airflow.task.hooks.airflow.providers.apache.spark.hooks.spark_submit.SparkSubmitHook"}
{"timestamp":"2025-09-03T13:50:25.390757","level":"info","event":"25/09/03 13:50:25 INFO ResourceUtils: No custom resources configured for spark.driver.","logger":"airflow.task.hooks.airflow.providers.apache.spark.hooks.spark_submit.SparkSubmitHook"}
{"timestamp":"2025-09-03T13:50:25.390931","level":"info","event":"25/09/03 13:50:25 INFO ResourceUtils: ==============================================================","logger":"airflow.task.hooks.airflow.providers.apache.spark.hooks.spark_submit.SparkSubmitHook"}
{"timestamp":"2025-09-03T13:50:25.391057","level":"info","event":"25/09/03 13:50:25 INFO SparkContext: Submitted application: ProcessingTask","logger":"airflow.task.hooks.airflow.providers.apache.spark.hooks.spark_submit.SparkSubmitHook"}
{"timestamp":"2025-09-03T13:50:25.392893","level":"info","event":"25/09/03 13:50:25 INFO SparkContext: Spark configuration:","logger":"airflow.task.hooks.airflow.providers.apache.spark.hooks.spark_submit.SparkSubmitHook"}
{"timestamp":"2025-09-03T13:50:25.393213","level":"info","event":"spark.app.name=ProcessingTask","logger":"airflow.task.hooks.airflow.providers.apache.spark.hooks.spark_submit.SparkSubmitHook"}
{"timestamp":"2025-09-03T13:50:25.393413","level":"info","event":"spark.app.startTime=1756907424877","logger":"airflow.task.hooks.airflow.providers.apache.spark.hooks.spark_submit.SparkSubmitHook"}
{"timestamp":"2025-09-03T13:50:25.393599","level":"info","event":"spark.app.submitTime=1756907422500","logger":"airflow.task.hooks.airflow.providers.apache.spark.hooks.spark_submit.SparkSubmitHook"}
{"timestamp":"2025-09-03T13:50:25.393746","level":"info","event":"spark.cores.max=2","logger":"airflow.task.hooks.airflow.providers.apache.spark.hooks.spark_submit.SparkSubmitHook"}
{"timestamp":"2025-09-03T13:50:25.393878","level":"info","event":"spark.delta.logStore.class=org.apache.spark.sql.delta.storage.S3SingleDriverLogStore","logger":"airflow.task.hooks.airflow.providers.apache.spark.hooks.spark_submit.SparkSubmitHook"}
{"timestamp":"2025-09-03T13:50:25.394034","level":"info","event":"spark.driver.extraJavaOptions=-Djava.net.preferIPv6Addresses=false -XX:+IgnoreUnrecognizedVMOptions --add-opens=java.base/java.lang=ALL-UNNAMED --add-opens=java.base/java.lang.invoke=ALL-UNNAMED --add-opens=java.base/java.lang.reflect=ALL-UNNAMED --add-opens=java.base/java.io=ALL-UNNAMED --add-opens=java.base/java.net=ALL-UNNAMED --add-opens=java.base/java.nio=ALL-UNNAMED --add-opens=java.base/java.util=ALL-UNNAMED --add-opens=java.base/java.util.concurrent=ALL-UNNAMED --add-opens=java.base/java.util.concurrent.atomic=ALL-UNNAMED --add-opens=java.base/sun.nio.ch=ALL-UNNAMED --add-opens=java.base/sun.nio.cs=ALL-UNNAMED --add-opens=java.base/sun.security.action=ALL-UNNAMED --add-opens=java.base/sun.util.calendar=ALL-UNNAMED --add-opens=java.security.jgss/sun.security.krb5=ALL-UNNAMED -Djdk.reflect.useDirectMethodHandle=false","logger":"airflow.task.hooks.airflow.providers.apache.spark.hooks.spark_submit.SparkSubmitHook"}
{"timestamp":"2025-09-03T13:50:25.394203","level":"info","event":"spark.eventLog.dir=/opt/spark/history","logger":"airflow.task.hooks.airflow.providers.apache.spark.hooks.spark_submit.SparkSubmitHook"}
{"timestamp":"2025-09-03T13:50:25.394340","level":"info","event":"spark.eventLog.enabled=true","logger":"airflow.task.hooks.airflow.providers.apache.spark.hooks.spark_submit.SparkSubmitHook"}
{"timestamp":"2025-09-03T13:50:25.394466","level":"info","event":"spark.executor.extraJavaOptions=-Djava.net.preferIPv6Addresses=false -XX:+IgnoreUnrecognizedVMOptions --add-opens=java.base/java.lang=ALL-UNNAMED --add-opens=java.base/java.lang.invoke=ALL-UNNAMED --add-opens=java.base/java.lang.reflect=ALL-UNNAMED --add-opens=java.base/java.io=ALL-UNNAMED --add-opens=java.base/java.net=ALL-UNNAMED --add-opens=java.base/java.nio=ALL-UNNAMED --add-opens=java.base/java.util=ALL-UNNAMED --add-opens=java.base/java.util.concurrent=ALL-UNNAMED --add-opens=java.base/java.util.concurrent.atomic=ALL-UNNAMED --add-opens=java.base/sun.nio.ch=ALL-UNNAMED --add-opens=java.base/sun.nio.cs=ALL-UNNAMED --add-opens=java.base/sun.security.action=ALL-UNNAMED --add-opens=java.base/sun.util.calendar=ALL-UNNAMED --add-opens=java.security.jgss/sun.security.krb5=ALL-UNNAMED -Djdk.reflect.useDirectMethodHandle=false","logger":"airflow.task.hooks.airflow.providers.apache.spark.hooks.spark_submit.SparkSubmitHook"}
{"timestamp":"2025-09-03T13:50:25.394631","level":"info","event":"spark.executor.memory=2g","logger":"airflow.task.hooks.airflow.providers.apache.spark.hooks.spark_submit.SparkSubmitHook"}
{"timestamp":"2025-09-03T13:50:25.394774","level":"info","event":"spark.hadoop.fs.s3a.access.key=*********(redacted)","logger":"airflow.task.hooks.airflow.providers.apache.spark.hooks.spark_submit.SparkSubmitHook"}
{"timestamp":"2025-09-03T13:50:25.394902","level":"info","event":"spark.hadoop.fs.s3a.endpoint=http://minio:9000","logger":"airflow.task.hooks.airflow.providers.apache.spark.hooks.spark_submit.SparkSubmitHook"}
{"timestamp":"2025-09-03T13:50:25.395017","level":"info","event":"spark.hadoop.fs.s3a.fast.upload=true","logger":"airflow.task.hooks.airflow.providers.apache.spark.hooks.spark_submit.SparkSubmitHook"}
{"timestamp":"2025-09-03T13:50:25.395146","level":"info","event":"spark.hadoop.fs.s3a.impl=org.apache.hadoop.fs.s3a.S3AFileSystem","logger":"airflow.task.hooks.airflow.providers.apache.spark.hooks.spark_submit.SparkSubmitHook"}
{"timestamp":"2025-09-03T13:50:25.395283","level":"info","event":"spark.hadoop.fs.s3a.multiobjectdelete.enable=true","logger":"airflow.task.hooks.airflow.providers.apache.spark.hooks.spark_submit.SparkSubmitHook"}
{"timestamp":"2025-09-03T13:50:25.395422","level":"info","event":"spark.hadoop.fs.s3a.path.style.access=true","logger":"airflow.task.hooks.airflow.providers.apache.spark.hooks.spark_submit.SparkSubmitHook"}
{"timestamp":"2025-09-03T13:50:25.395558","level":"info","event":"spark.hadoop.fs.s3a.secret.key=*********(redacted)","logger":"airflow.task.hooks.airflow.providers.apache.spark.hooks.spark_submit.SparkSubmitHook"}
{"timestamp":"2025-09-03T13:50:25.395723","level":"info","event":"spark.history.fs.logDirectory=s3a://spark/","logger":"airflow.task.hooks.airflow.providers.apache.spark.hooks.spark_submit.SparkSubmitHook"}
{"timestamp":"2025-09-03T13:50:25.395852","level":"info","event":"spark.jars.packages=org.apache.spark:spark-sql-kafka-0-10_2.12:3.5.0,org.apache.spark:spark-avro_2.12:3.5.0,org.postgresql:postgresql:42.7.0,org.apache.hadoop:hadoop-aws:3.3.4,com.amazonaws:aws-java-sdk-bundle:1.12.262","logger":"airflow.task.hooks.airflow.providers.apache.spark.hooks.spark_submit.SparkSubmitHook"}
{"timestamp":"2025-09-03T13:50:25.396036","level":"info","event":"spark.logConf=true","logger":"airflow.task.hooks.airflow.providers.apache.spark.hooks.spark_submit.SparkSubmitHook"}
{"timestamp":"2025-09-03T13:50:25.396191","level":"info","event":"spark.master=spark://spark-master:7077","logger":"airflow.task.hooks.airflow.providers.apache.spark.hooks.spark_submit.SparkSubmitHook"}
{"timestamp":"2025-09-03T13:50:25.396323","level":"info","event":"spark.network.timeout=10000s","logger":"airflow.task.hooks.airflow.providers.apache.spark.hooks.spark_submit.SparkSubmitHook"}
{"timestamp":"2025-09-03T13:50:25.396439","level":"info","event":"spark.rdd.compress=True","logger":"airflow.task.hooks.airflow.providers.apache.spark.hooks.spark_submit.SparkSubmitHook"}
{"timestamp":"2025-09-03T13:50:25.396555","level":"info","event":"spark.serializer.objectStreamReset=100","logger":"airflow.task.hooks.airflow.providers.apache.spark.hooks.spark_submit.SparkSubmitHook"}
{"timestamp":"2025-09-03T13:50:25.396705","level":"info","event":"spark.sql.catalog.spark_catalog=org.apache.spark.sql.delta.catalog.DeltaCatalog","logger":"airflow.task.hooks.airflow.providers.apache.spark.hooks.spark_submit.SparkSubmitHook"}
{"timestamp":"2025-09-03T13:50:25.396832","level":"info","event":"spark.sql.extensions=io.delta.sql.DeltaSparkSessionExtension","logger":"airflow.task.hooks.airflow.providers.apache.spark.hooks.spark_submit.SparkSubmitHook"}
{"timestamp":"2025-09-03T13:50:25.396949","level":"info","event":"spark.sql.files.ignoreMissingFiles=true","logger":"airflow.task.hooks.airflow.providers.apache.spark.hooks.spark_submit.SparkSubmitHook"}
{"timestamp":"2025-09-03T13:50:25.397069","level":"info","event":"spark.sql.sources.partitionOverwriteMode=dynamic","logger":"airflow.task.hooks.airflow.providers.apache.spark.hooks.spark_submit.SparkSubmitHook"}
{"timestamp":"2025-09-03T13:50:25.397176","level":"info","event":"spark.submit.deployMode=client","logger":"airflow.task.hooks.airflow.providers.apache.spark.hooks.spark_submit.SparkSubmitHook"}
{"timestamp":"2025-09-03T13:50:25.397252","level":"info","event":"spark.submit.pyFiles=","logger":"airflow.task.hooks.airflow.providers.apache.spark.hooks.spark_submit.SparkSubmitHook"}
{"timestamp":"2025-09-03T13:50:25.431709","level":"info","event":"25/09/03 13:50:25 INFO ResourceProfile: Default ResourceProfile created, executor resources: Map(memory -> name: memory, amount: 2048, script: , vendor: , offHeap -> name: offHeap, amount: 0, script: , vendor: ), task resources: Map(cpus -> name: cpus, amount: 1.0)","logger":"airflow.task.hooks.airflow.providers.apache.spark.hooks.spark_submit.SparkSubmitHook"}
{"timestamp":"2025-09-03T13:50:25.444774","level":"info","event":"25/09/03 13:50:25 INFO ResourceProfile: Limiting resource is cpu","logger":"airflow.task.hooks.airflow.providers.apache.spark.hooks.spark_submit.SparkSubmitHook"}
{"timestamp":"2025-09-03T13:50:25.446536","level":"info","event":"25/09/03 13:50:25 INFO ResourceProfileManager: Added ResourceProfile id: 0","logger":"airflow.task.hooks.airflow.providers.apache.spark.hooks.spark_submit.SparkSubmitHook"}
{"timestamp":"2025-09-03T13:50:25.879543","level":"info","event":"25/09/03 13:50:25 INFO SecurityManager: Changing view acls to: airflow","logger":"airflow.task.hooks.airflow.providers.apache.spark.hooks.spark_submit.SparkSubmitHook"}
{"timestamp":"2025-09-03T13:50:25.880646","level":"info","event":"25/09/03 13:50:25 INFO SecurityManager: Changing modify acls to: airflow","logger":"airflow.task.hooks.airflow.providers.apache.spark.hooks.spark_submit.SparkSubmitHook"}
{"timestamp":"2025-09-03T13:50:25.881520","level":"info","event":"25/09/03 13:50:25 INFO SecurityManager: Changing view acls groups to:","logger":"airflow.task.hooks.airflow.providers.apache.spark.hooks.spark_submit.SparkSubmitHook"}
{"timestamp":"2025-09-03T13:50:25.882256","level":"info","event":"25/09/03 13:50:25 INFO SecurityManager: Changing modify acls groups to:","logger":"airflow.task.hooks.airflow.providers.apache.spark.hooks.spark_submit.SparkSubmitHook"}
{"timestamp":"2025-09-03T13:50:25.882980","level":"info","event":"25/09/03 13:50:25 INFO SecurityManager: SecurityManager: authentication disabled; ui acls disabled; users with view permissions: airflow; groups with view permissions: EMPTY; users with modify permissions: airflow; groups with modify permissions: EMPTY","logger":"airflow.task.hooks.airflow.providers.apache.spark.hooks.spark_submit.SparkSubmitHook"}
{"timestamp":"2025-09-03T13:50:26.436639","level":"info","event":"25/09/03 13:50:26 INFO Utils: Successfully started service 'sparkDriver' on port 42989.","logger":"airflow.task.hooks.airflow.providers.apache.spark.hooks.spark_submit.SparkSubmitHook"}
{"timestamp":"2025-09-03T13:50:26.514941","level":"info","event":"25/09/03 13:50:26 INFO SparkEnv: Registering MapOutputTracker","logger":"airflow.task.hooks.airflow.providers.apache.spark.hooks.spark_submit.SparkSubmitHook"}
{"timestamp":"2025-09-03T13:50:26.566511","level":"info","event":"25/09/03 13:50:26 INFO SparkEnv: Registering BlockManagerMaster","logger":"airflow.task.hooks.airflow.providers.apache.spark.hooks.spark_submit.SparkSubmitHook"}
{"timestamp":"2025-09-03T13:50:26.597232","level":"info","event":"25/09/03 13:50:26 INFO BlockManagerMasterEndpoint: Using org.apache.spark.storage.DefaultTopologyMapper for getting topology information","logger":"airflow.task.hooks.airflow.providers.apache.spark.hooks.spark_submit.SparkSubmitHook"}
{"timestamp":"2025-09-03T13:50:26.597941","level":"info","event":"25/09/03 13:50:26 INFO BlockManagerMasterEndpoint: BlockManagerMasterEndpoint up","logger":"airflow.task.hooks.airflow.providers.apache.spark.hooks.spark_submit.SparkSubmitHook"}
{"timestamp":"2025-09-03T13:50:26.603379","level":"info","event":"25/09/03 13:50:26 INFO SparkEnv: Registering BlockManagerMasterHeartbeat","logger":"airflow.task.hooks.airflow.providers.apache.spark.hooks.spark_submit.SparkSubmitHook"}
{"timestamp":"2025-09-03T13:50:26.639057","level":"info","event":"25/09/03 13:50:26 INFO DiskBlockManager: Created local directory at /tmp/blockmgr-567b834c-3cba-422f-a898-3b3a4c0c6f36","logger":"airflow.task.hooks.airflow.providers.apache.spark.hooks.spark_submit.SparkSubmitHook"}
{"timestamp":"2025-09-03T13:50:26.661293","level":"info","event":"25/09/03 13:50:26 INFO MemoryStore: MemoryStore started with capacity 434.4 MiB","logger":"airflow.task.hooks.airflow.providers.apache.spark.hooks.spark_submit.SparkSubmitHook"}
{"timestamp":"2025-09-03T13:50:26.691357","level":"info","event":"25/09/03 13:50:26 INFO SparkEnv: Registering OutputCommitCoordinator","logger":"airflow.task.hooks.airflow.providers.apache.spark.hooks.spark_submit.SparkSubmitHook"}
{"timestamp":"2025-09-03T13:50:26.911402","level":"info","event":"25/09/03 13:50:26 INFO JettyUtils: Start Jetty 0.0.0.0:4040 for SparkUI","logger":"airflow.task.hooks.airflow.providers.apache.spark.hooks.spark_submit.SparkSubmitHook"}
{"timestamp":"2025-09-03T13:50:27.781970","level":"info","event":"25/09/03 13:50:27 WARN Utils: Service 'SparkUI' could not bind on port 4040. Attempting port 4041.","logger":"airflow.task.hooks.airflow.providers.apache.spark.hooks.spark_submit.SparkSubmitHook"}
{"timestamp":"2025-09-03T13:50:27.783064","level":"info","event":"25/09/03 13:50:27 WARN Utils: Service 'SparkUI' could not bind on port 4041. Attempting port 4042.","logger":"airflow.task.hooks.airflow.providers.apache.spark.hooks.spark_submit.SparkSubmitHook"}
{"timestamp":"2025-09-03T13:50:27.784182","level":"info","event":"25/09/03 13:50:27 WARN Utils: Service 'SparkUI' could not bind on port 4042. Attempting port 4043.","logger":"airflow.task.hooks.airflow.providers.apache.spark.hooks.spark_submit.SparkSubmitHook"}
{"timestamp":"2025-09-03T13:50:27.785261","level":"info","event":"25/09/03 13:50:27 WARN Utils: Service 'SparkUI' could not bind on port 4043. Attempting port 4044.","logger":"airflow.task.hooks.airflow.providers.apache.spark.hooks.spark_submit.SparkSubmitHook"}
{"timestamp":"2025-09-03T13:50:27.851875","level":"info","event":"25/09/03 13:50:27 INFO Utils: Successfully started service 'SparkUI' on port 4044.","logger":"airflow.task.hooks.airflow.providers.apache.spark.hooks.spark_submit.SparkSubmitHook"}
{"timestamp":"2025-09-03T13:50:27.999847","level":"info","event":"25/09/03 13:50:27 INFO StandaloneAppClient$ClientEndpoint: Connecting to master spark://spark-master:7077...","logger":"airflow.task.hooks.airflow.providers.apache.spark.hooks.spark_submit.SparkSubmitHook"}
{"timestamp":"2025-09-03T13:50:28.063524","level":"info","event":"25/09/03 13:50:28 INFO TransportClientFactory: Successfully created connection to spark-master/172.18.0.4:7077 after 35 ms (0 ms spent in bootstraps)","logger":"airflow.task.hooks.airflow.providers.apache.spark.hooks.spark_submit.SparkSubmitHook"}
{"timestamp":"2025-09-03T13:50:28.159674","level":"info","event":"25/09/03 13:50:28 INFO StandaloneSchedulerBackend: Connected to Spark cluster with app ID app-20250903135028-0004","logger":"airflow.task.hooks.airflow.providers.apache.spark.hooks.spark_submit.SparkSubmitHook"}
{"timestamp":"2025-09-03T13:50:28.169299","level":"info","event":"25/09/03 13:50:28 INFO Utils: Successfully started service 'org.apache.spark.network.netty.NettyBlockTransferService' on port 40423.","logger":"airflow.task.hooks.airflow.providers.apache.spark.hooks.spark_submit.SparkSubmitHook"}
{"timestamp":"2025-09-03T13:50:28.169498","level":"info","event":"25/09/03 13:50:28 INFO NettyBlockTransferService: Server created on b2d9647d6a30:40423","logger":"airflow.task.hooks.airflow.providers.apache.spark.hooks.spark_submit.SparkSubmitHook"}
{"timestamp":"2025-09-03T13:50:28.172099","level":"info","event":"25/09/03 13:50:28 INFO BlockManager: Using org.apache.spark.storage.RandomBlockReplicationPolicy for block replication policy","logger":"airflow.task.hooks.airflow.providers.apache.spark.hooks.spark_submit.SparkSubmitHook"}
{"timestamp":"2025-09-03T13:50:28.182089","level":"info","event":"25/09/03 13:50:28 INFO BlockManagerMaster: Registering BlockManager BlockManagerId(driver, b2d9647d6a30, 40423, None)","logger":"airflow.task.hooks.airflow.providers.apache.spark.hooks.spark_submit.SparkSubmitHook"}
{"timestamp":"2025-09-03T13:50:28.186122","level":"info","event":"25/09/03 13:50:28 INFO BlockManagerMasterEndpoint: Registering block manager b2d9647d6a30:40423 with 434.4 MiB RAM, BlockManagerId(driver, b2d9647d6a30, 40423, None)","logger":"airflow.task.hooks.airflow.providers.apache.spark.hooks.spark_submit.SparkSubmitHook"}
{"timestamp":"2025-09-03T13:50:28.188529","level":"info","event":"25/09/03 13:50:28 INFO BlockManagerMaster: Registered BlockManager BlockManagerId(driver, b2d9647d6a30, 40423, None)","logger":"airflow.task.hooks.airflow.providers.apache.spark.hooks.spark_submit.SparkSubmitHook"}
{"timestamp":"2025-09-03T13:50:28.190028","level":"info","event":"25/09/03 13:50:28 INFO BlockManager: Initialized BlockManager: BlockManagerId(driver, b2d9647d6a30, 40423, None)","logger":"airflow.task.hooks.airflow.providers.apache.spark.hooks.spark_submit.SparkSubmitHook"}
{"timestamp":"2025-09-03T13:50:28.487660","level":"info","event":"25/09/03 13:50:28 INFO SingleEventLogFileWriter: Logging events to file:/opt/spark/history/app-20250903135028-0004.inprogress","logger":"airflow.task.hooks.airflow.providers.apache.spark.hooks.spark_submit.SparkSubmitHook"}
{"timestamp":"2025-09-03T13:50:28.676255","level":"info","event":"25/09/03 13:50:28 INFO StandaloneSchedulerBackend: SchedulerBackend is ready for scheduling beginning after reached minRegisteredResourcesRatio: 0.0","logger":"airflow.task.hooks.airflow.providers.apache.spark.hooks.spark_submit.SparkSubmitHook"}
{"timestamp":"2025-09-03T13:50:29.042393","level":"info","event":"25/09/03 13:50:29 INFO SharedState: Setting hive.metastore.warehouse.dir ('null') to the value of spark.sql.warehouse.dir.","logger":"airflow.task.hooks.airflow.providers.apache.spark.hooks.spark_submit.SparkSubmitHook"}
{"timestamp":"2025-09-03T13:50:29.046241","level":"info","event":"25/09/03 13:50:29 INFO SharedState: Warehouse path is 'file:/opt/airflow/spark-warehouse'.","logger":"airflow.task.hooks.airflow.providers.apache.spark.hooks.spark_submit.SparkSubmitHook"}
{"timestamp":"2025-09-03T13:50:30.582558","level":"info","event":"25/09/03 13:50:30 WARN MetricsConfig: Cannot locate configuration: tried hadoop-metrics2-s3a-file-system.properties,hadoop-metrics2.properties","logger":"airflow.task.hooks.airflow.providers.apache.spark.hooks.spark_submit.SparkSubmitHook"}
{"timestamp":"2025-09-03T13:50:30.601832","level":"info","event":"25/09/03 13:50:30 INFO MetricsSystemImpl: Scheduled Metric snapshot period at 10 second(s).","logger":"airflow.task.hooks.airflow.providers.apache.spark.hooks.spark_submit.SparkSubmitHook"}
{"timestamp":"2025-09-03T13:50:30.602004","level":"info","event":"25/09/03 13:50:30 INFO MetricsSystemImpl: s3a-file-system metrics system started","logger":"airflow.task.hooks.airflow.providers.apache.spark.hooks.spark_submit.SparkSubmitHook"}
{"timestamp":"2025-09-03T13:50:32.920420","level":"info","event":"25/09/03 13:50:32 INFO InMemoryFileIndex: It took 93 ms to list leaf files for 1 paths.","logger":"airflow.task.hooks.airflow.providers.apache.spark.hooks.spark_submit.SparkSubmitHook"}
{"timestamp":"2025-09-03T13:50:33.356583","level":"info","event":"25/09/03 13:50:33 INFO SparkContext: Starting job: parquet at NativeMethodAccessorImpl.java:0","logger":"airflow.task.hooks.airflow.providers.apache.spark.hooks.spark_submit.SparkSubmitHook"}
{"timestamp":"2025-09-03T13:50:33.381768","level":"info","event":"25/09/03 13:50:33 INFO DAGScheduler: Got job 0 (parquet at NativeMethodAccessorImpl.java:0) with 1 output partitions","logger":"airflow.task.hooks.airflow.providers.apache.spark.hooks.spark_submit.SparkSubmitHook"}
{"timestamp":"2025-09-03T13:50:33.382349","level":"info","event":"25/09/03 13:50:33 INFO DAGScheduler: Final stage: ResultStage 0 (parquet at NativeMethodAccessorImpl.java:0)","logger":"airflow.task.hooks.airflow.providers.apache.spark.hooks.spark_submit.SparkSubmitHook"}
{"timestamp":"2025-09-03T13:50:33.383221","level":"info","event":"25/09/03 13:50:33 INFO DAGScheduler: Parents of final stage: List()","logger":"airflow.task.hooks.airflow.providers.apache.spark.hooks.spark_submit.SparkSubmitHook"}
{"timestamp":"2025-09-03T13:50:33.385327","level":"info","event":"25/09/03 13:50:33 INFO DAGScheduler: Missing parents: List()","logger":"airflow.task.hooks.airflow.providers.apache.spark.hooks.spark_submit.SparkSubmitHook"}
{"timestamp":"2025-09-03T13:50:33.390520","level":"info","event":"25/09/03 13:50:33 INFO DAGScheduler: Submitting ResultStage 0 (MapPartitionsRDD[1] at parquet at NativeMethodAccessorImpl.java:0), which has no missing parents","logger":"airflow.task.hooks.airflow.providers.apache.spark.hooks.spark_submit.SparkSubmitHook"}
{"timestamp":"2025-09-03T13:50:33.458879","level":"info","event":"25/09/03 13:50:33 INFO MemoryStore: Block broadcast_0 stored as values in memory (estimated size 105.5 KiB, free 434.3 MiB)","logger":"airflow.task.hooks.airflow.providers.apache.spark.hooks.spark_submit.SparkSubmitHook"}
{"timestamp":"2025-09-03T13:50:33.530734","level":"info","event":"25/09/03 13:50:33 INFO MemoryStore: Block broadcast_0_piece0 stored as bytes in memory (estimated size 38.4 KiB, free 434.3 MiB)","logger":"airflow.task.hooks.airflow.providers.apache.spark.hooks.spark_submit.SparkSubmitHook"}
{"timestamp":"2025-09-03T13:50:33.538531","level":"info","event":"25/09/03 13:50:33 INFO BlockManagerInfo: Added broadcast_0_piece0 in memory on b2d9647d6a30:40423 (size: 38.4 KiB, free: 434.4 MiB)","logger":"airflow.task.hooks.airflow.providers.apache.spark.hooks.spark_submit.SparkSubmitHook"}
{"timestamp":"2025-09-03T13:50:33.551717","level":"info","event":"25/09/03 13:50:33 INFO SparkContext: Created broadcast 0 from broadcast at DAGScheduler.scala:1580","logger":"airflow.task.hooks.airflow.providers.apache.spark.hooks.spark_submit.SparkSubmitHook"}
{"timestamp":"2025-09-03T13:50:33.609029","level":"info","event":"25/09/03 13:50:33 INFO DAGScheduler: Submitting 1 missing tasks from ResultStage 0 (MapPartitionsRDD[1] at parquet at NativeMethodAccessorImpl.java:0) (first 15 tasks are for partitions Vector(0))","logger":"airflow.task.hooks.airflow.providers.apache.spark.hooks.spark_submit.SparkSubmitHook"}
{"timestamp":"2025-09-03T13:50:33.611117","level":"info","event":"25/09/03 13:50:33 INFO TaskSchedulerImpl: Adding task set 0.0 with 1 tasks resource profile 0","logger":"airflow.task.hooks.airflow.providers.apache.spark.hooks.spark_submit.SparkSubmitHook"}
{"timestamp":"2025-09-03T13:50:48.627931","level":"info","event":"25/09/03 13:50:48 WARN TaskSchedulerImpl: Initial job has not accepted any resources; check your cluster UI to ensure that workers are registered and have sufficient resources","logger":"airflow.task.hooks.airflow.providers.apache.spark.hooks.spark_submit.SparkSubmitHook"}
{"timestamp":"2025-09-03T13:51:03.627547","level":"info","event":"25/09/03 13:51:03 WARN TaskSchedulerImpl: Initial job has not accepted any resources; check your cluster UI to ensure that workers are registered and have sufficient resources","logger":"airflow.task.hooks.airflow.providers.apache.spark.hooks.spark_submit.SparkSubmitHook"}
{"timestamp":"2025-09-03T13:51:18.632688","level":"info","event":"25/09/03 13:51:18 WARN TaskSchedulerImpl: Initial job has not accepted any resources; check your cluster UI to ensure that workers are registered and have sufficient resources","logger":"airflow.task.hooks.airflow.providers.apache.spark.hooks.spark_submit.SparkSubmitHook"}
{"timestamp":"2025-09-03T13:51:33.626922","level":"info","event":"25/09/03 13:51:33 WARN TaskSchedulerImpl: Initial job has not accepted any resources; check your cluster UI to ensure that workers are registered and have sufficient resources","logger":"airflow.task.hooks.airflow.providers.apache.spark.hooks.spark_submit.SparkSubmitHook"}
{"timestamp":"2025-09-03T13:51:48.628818","level":"info","event":"25/09/03 13:51:48 WARN TaskSchedulerImpl: Initial job has not accepted any resources; check your cluster UI to ensure that workers are registered and have sufficient resources","logger":"airflow.task.hooks.airflow.providers.apache.spark.hooks.spark_submit.SparkSubmitHook"}
{"timestamp":"2025-09-03T13:52:03.627520","level":"info","event":"25/09/03 13:52:03 WARN TaskSchedulerImpl: Initial job has not accepted any resources; check your cluster UI to ensure that workers are registered and have sufficient resources","logger":"airflow.task.hooks.airflow.providers.apache.spark.hooks.spark_submit.SparkSubmitHook"}
{"timestamp":"2025-09-03T13:52:18.627592","level":"info","event":"25/09/03 13:52:18 WARN TaskSchedulerImpl: Initial job has not accepted any resources; check your cluster UI to ensure that workers are registered and have sufficient resources","logger":"airflow.task.hooks.airflow.providers.apache.spark.hooks.spark_submit.SparkSubmitHook"}
{"timestamp":"2025-09-03T13:52:33.627511","level":"info","event":"25/09/03 13:52:33 WARN TaskSchedulerImpl: Initial job has not accepted any resources; check your cluster UI to ensure that workers are registered and have sufficient resources","logger":"airflow.task.hooks.airflow.providers.apache.spark.hooks.spark_submit.SparkSubmitHook"}
{"timestamp":"2025-09-03T13:52:48.627407","level":"info","event":"25/09/03 13:52:48 WARN TaskSchedulerImpl: Initial job has not accepted any resources; check your cluster UI to ensure that workers are registered and have sufficient resources","logger":"airflow.task.hooks.airflow.providers.apache.spark.hooks.spark_submit.SparkSubmitHook"}
{"timestamp":"2025-09-03T13:53:03.626927","level":"info","event":"25/09/03 13:53:03 WARN TaskSchedulerImpl: Initial job has not accepted any resources; check your cluster UI to ensure that workers are registered and have sufficient resources","logger":"airflow.task.hooks.airflow.providers.apache.spark.hooks.spark_submit.SparkSubmitHook"}
{"timestamp":"2025-09-03T13:53:18.626716","level":"info","event":"25/09/03 13:53:18 WARN TaskSchedulerImpl: Initial job has not accepted any resources; check your cluster UI to ensure that workers are registered and have sufficient resources","logger":"airflow.task.hooks.airflow.providers.apache.spark.hooks.spark_submit.SparkSubmitHook"}
{"timestamp":"2025-09-03T13:53:33.628522","level":"info","event":"25/09/03 13:53:33 WARN TaskSchedulerImpl: Initial job has not accepted any resources; check your cluster UI to ensure that workers are registered and have sufficient resources","logger":"airflow.task.hooks.airflow.providers.apache.spark.hooks.spark_submit.SparkSubmitHook"}
{"timestamp":"2025-09-03T13:53:48.627328","level":"info","event":"25/09/03 13:53:48 WARN TaskSchedulerImpl: Initial job has not accepted any resources; check your cluster UI to ensure that workers are registered and have sufficient resources","logger":"airflow.task.hooks.airflow.providers.apache.spark.hooks.spark_submit.SparkSubmitHook"}
{"timestamp":"2025-09-03T13:54:03.627247","level":"info","event":"25/09/03 13:54:03 WARN TaskSchedulerImpl: Initial job has not accepted any resources; check your cluster UI to ensure that workers are registered and have sufficient resources","logger":"airflow.task.hooks.airflow.providers.apache.spark.hooks.spark_submit.SparkSubmitHook"}
{"timestamp":"2025-09-03T13:54:18.627258","level":"info","event":"25/09/03 13:54:18 WARN TaskSchedulerImpl: Initial job has not accepted any resources; check your cluster UI to ensure that workers are registered and have sufficient resources","logger":"airflow.task.hooks.airflow.providers.apache.spark.hooks.spark_submit.SparkSubmitHook"}
{"timestamp":"2025-09-03T13:54:33.626673","level":"info","event":"25/09/03 13:54:33 WARN TaskSchedulerImpl: Initial job has not accepted any resources; check your cluster UI to ensure that workers are registered and have sufficient resources","logger":"airflow.task.hooks.airflow.providers.apache.spark.hooks.spark_submit.SparkSubmitHook"}
{"timestamp":"2025-09-03T13:54:48.629761","level":"info","event":"25/09/03 13:54:48 WARN TaskSchedulerImpl: Initial job has not accepted any resources; check your cluster UI to ensure that workers are registered and have sufficient resources","logger":"airflow.task.hooks.airflow.providers.apache.spark.hooks.spark_submit.SparkSubmitHook"}
{"timestamp":"2025-09-03T13:55:03.635630","level":"info","event":"25/09/03 13:55:03 WARN TaskSchedulerImpl: Initial job has not accepted any resources; check your cluster UI to ensure that workers are registered and have sufficient resources","logger":"airflow.task.hooks.airflow.providers.apache.spark.hooks.spark_submit.SparkSubmitHook"}
{"timestamp":"2025-09-03T13:55:18.644856","level":"info","event":"25/09/03 13:55:18 WARN TaskSchedulerImpl: Initial job has not accepted any resources; check your cluster UI to ensure that workers are registered and have sufficient resources","logger":"airflow.task.hooks.airflow.providers.apache.spark.hooks.spark_submit.SparkSubmitHook"}
{"timestamp":"2025-09-03T13:55:33.627277","level":"info","event":"25/09/03 13:55:33 WARN TaskSchedulerImpl: Initial job has not accepted any resources; check your cluster UI to ensure that workers are registered and have sufficient resources","logger":"airflow.task.hooks.airflow.providers.apache.spark.hooks.spark_submit.SparkSubmitHook"}
