{"timestamp":"2025-09-03T13:49:34.621167","level":"info","event":"DAG bundles loaded: dags-folder","logger":"airflow.dag_processing.bundles.manager.DagBundlesManager"}
{"timestamp":"2025-09-03T13:49:34.622351","level":"info","event":"Filling up the DagBag from /opt/airflow/dags/test.py","logger":"airflow.models.dagbag.DagBag"}
{"timestamp":"2025-09-03T13:49:34.651469","level":"info","event":"Secrets backends loaded for worker","count":1,"backend_classes":["EnvironmentVariablesBackend"],"logger":"supervisor"}
{"timestamp":"2025-09-03T13:49:34.654120","level":"info","event":"Connection Retrieved 'spark_default'","logger":"airflow.hooks.base"}
{"timestamp":"2025-09-03T13:49:34.655255","level":"info","event":"Spark-Submit cmd: spark-submit --master spark-master:7077 --total-executor-cores 2 --executor-memory 2g --name arrow-spark --verbose /opt/airflow/dags/spark_minio_job.py","logger":"airflow.task.hooks.airflow.providers.apache.spark.hooks.spark_submit.SparkSubmitHook"}
{"timestamp":"2025-09-03T13:49:40.993023","level":"info","event":"Using properties file: /opt/spark/conf/spark-defaults.conf","logger":"airflow.task.hooks.airflow.providers.apache.spark.hooks.spark_submit.SparkSubmitHook"}
{"timestamp":"2025-09-03T13:49:40.993270","level":"info","event":"Adding default property: spark.delta.logStore.class=org.apache.spark.sql.delta.storage.S3SingleDriverLogStore","logger":"airflow.task.hooks.airflow.providers.apache.spark.hooks.spark_submit.SparkSubmitHook"}
{"timestamp":"2025-09-03T13:49:40.993382","level":"info","event":"Adding default property: spark.history.fs.logDirectory=s3a://spark/","logger":"airflow.task.hooks.airflow.providers.apache.spark.hooks.spark_submit.SparkSubmitHook"}
{"timestamp":"2025-09-03T13:49:40.993480","level":"info","event":"Adding default property: spark.eventLog.enabled=true","logger":"airflow.task.hooks.airflow.providers.apache.spark.hooks.spark_submit.SparkSubmitHook"}
{"timestamp":"2025-09-03T13:49:40.993575","level":"info","event":"Adding default property: spark.sql.files.ignoreMissingFiles=true","logger":"airflow.task.hooks.airflow.providers.apache.spark.hooks.spark_submit.SparkSubmitHook"}
{"timestamp":"2025-09-03T13:49:40.993670","level":"info","event":"Adding default property: spark.sql.catalog.spark_catalog=org.apache.spark.sql.delta.catalog.DeltaCatalog","logger":"airflow.task.hooks.airflow.providers.apache.spark.hooks.spark_submit.SparkSubmitHook"}
{"timestamp":"2025-09-03T13:49:40.993764","level":"info","event":"Adding default property: spark.hadoop.fs.s3a.path.style.access=true","logger":"airflow.task.hooks.airflow.providers.apache.spark.hooks.spark_submit.SparkSubmitHook"}
{"timestamp":"2025-09-03T13:49:40.993886","level":"info","event":"Adding default property: spark.network.timeout=10000s","logger":"airflow.task.hooks.airflow.providers.apache.spark.hooks.spark_submit.SparkSubmitHook"}
{"timestamp":"2025-09-03T13:49:40.993986","level":"info","event":"Adding default property: spark.hadoop.fs.s3a.secret.key=*********(redacted)","logger":"airflow.task.hooks.airflow.providers.apache.spark.hooks.spark_submit.SparkSubmitHook"}
{"timestamp":"2025-09-03T13:49:40.994085","level":"info","event":"Adding default property: spark.hadoop.fs.s3a.multiobjectdelete.enable=true","logger":"airflow.task.hooks.airflow.providers.apache.spark.hooks.spark_submit.SparkSubmitHook"}
{"timestamp":"2025-09-03T13:49:40.994182","level":"info","event":"Adding default property: spark.logConf=true","logger":"airflow.task.hooks.airflow.providers.apache.spark.hooks.spark_submit.SparkSubmitHook"}
{"timestamp":"2025-09-03T13:49:40.994280","level":"info","event":"Adding default property: spark.hadoop.fs.s3a.access.key=*********(redacted)","logger":"airflow.task.hooks.airflow.providers.apache.spark.hooks.spark_submit.SparkSubmitHook"}
{"timestamp":"2025-09-03T13:49:40.994377","level":"info","event":"Adding default property: spark.sql.sources.partitionOverwriteMode=dynamic","logger":"airflow.task.hooks.airflow.providers.apache.spark.hooks.spark_submit.SparkSubmitHook"}
{"timestamp":"2025-09-03T13:49:40.994472","level":"info","event":"Adding default property: spark.eventLog.dir=/opt/spark/history","logger":"airflow.task.hooks.airflow.providers.apache.spark.hooks.spark_submit.SparkSubmitHook"}
{"timestamp":"2025-09-03T13:49:40.994566","level":"info","event":"Adding default property: spark.hadoop.fs.s3a.endpoint=http://minio:9000","logger":"airflow.task.hooks.airflow.providers.apache.spark.hooks.spark_submit.SparkSubmitHook"}
{"timestamp":"2025-09-03T13:49:40.994660","level":"info","event":"Adding default property: spark.hadoop.fs.s3a.impl=org.apache.hadoop.fs.s3a.S3AFileSystem","logger":"airflow.task.hooks.airflow.providers.apache.spark.hooks.spark_submit.SparkSubmitHook"}
{"timestamp":"2025-09-03T13:49:40.994755","level":"info","event":"Adding default property: spark.sql.extensions=io.delta.sql.DeltaSparkSessionExtension","logger":"airflow.task.hooks.airflow.providers.apache.spark.hooks.spark_submit.SparkSubmitHook"}
{"timestamp":"2025-09-03T13:49:40.994850","level":"info","event":"Adding default property: spark.hadoop.fs.s3a.fast.upload=true","logger":"airflow.task.hooks.airflow.providers.apache.spark.hooks.spark_submit.SparkSubmitHook"}
{"timestamp":"2025-09-03T13:49:40.994945","level":"info","event":"Parsed arguments:","logger":"airflow.task.hooks.airflow.providers.apache.spark.hooks.spark_submit.SparkSubmitHook"}
{"timestamp":"2025-09-03T13:49:40.995040","level":"info","event":"master                  spark-master:7077","logger":"airflow.task.hooks.airflow.providers.apache.spark.hooks.spark_submit.SparkSubmitHook"}
{"timestamp":"2025-09-03T13:49:40.995135","level":"info","event":"remote                  null","logger":"airflow.task.hooks.airflow.providers.apache.spark.hooks.spark_submit.SparkSubmitHook"}
{"timestamp":"2025-09-03T13:49:40.995229","level":"info","event":"deployMode              null","logger":"airflow.task.hooks.airflow.providers.apache.spark.hooks.spark_submit.SparkSubmitHook"}
{"timestamp":"2025-09-03T13:49:42.169146","level":"info","event":"executorMemory          2g","logger":"airflow.task.hooks.airflow.providers.apache.spark.hooks.spark_submit.SparkSubmitHook"}
{"timestamp":"2025-09-03T13:49:42.169293","level":"info","event":"executorCores           null","logger":"airflow.task.hooks.airflow.providers.apache.spark.hooks.spark_submit.SparkSubmitHook"}
{"timestamp":"2025-09-03T13:49:42.169357","level":"info","event":"totalExecutorCores      2","logger":"airflow.task.hooks.airflow.providers.apache.spark.hooks.spark_submit.SparkSubmitHook"}
{"timestamp":"2025-09-03T13:49:42.169411","level":"info","event":"propertiesFile          /opt/spark/conf/spark-defaults.conf","logger":"airflow.task.hooks.airflow.providers.apache.spark.hooks.spark_submit.SparkSubmitHook"}
{"timestamp":"2025-09-03T13:49:42.169463","level":"info","event":"driverMemory            null","logger":"airflow.task.hooks.airflow.providers.apache.spark.hooks.spark_submit.SparkSubmitHook"}
{"timestamp":"2025-09-03T13:49:42.169514","level":"info","event":"driverCores             null","logger":"airflow.task.hooks.airflow.providers.apache.spark.hooks.spark_submit.SparkSubmitHook"}
{"timestamp":"2025-09-03T13:49:42.169563","level":"info","event":"driverExtraClassPath    null","logger":"airflow.task.hooks.airflow.providers.apache.spark.hooks.spark_submit.SparkSubmitHook"}
{"timestamp":"2025-09-03T13:49:42.169611","level":"info","event":"driverExtraLibraryPath  null","logger":"airflow.task.hooks.airflow.providers.apache.spark.hooks.spark_submit.SparkSubmitHook"}
{"timestamp":"2025-09-03T13:49:42.169659","level":"info","event":"driverExtraJavaOptions  null","logger":"airflow.task.hooks.airflow.providers.apache.spark.hooks.spark_submit.SparkSubmitHook"}
{"timestamp":"2025-09-03T13:49:42.169706","level":"info","event":"supervise               false","logger":"airflow.task.hooks.airflow.providers.apache.spark.hooks.spark_submit.SparkSubmitHook"}
{"timestamp":"2025-09-03T13:49:42.169753","level":"info","event":"queue                   null","logger":"airflow.task.hooks.airflow.providers.apache.spark.hooks.spark_submit.SparkSubmitHook"}
{"timestamp":"2025-09-03T13:49:42.169863","level":"info","event":"numExecutors            null","logger":"airflow.task.hooks.airflow.providers.apache.spark.hooks.spark_submit.SparkSubmitHook"}
{"timestamp":"2025-09-03T13:49:42.169928","level":"info","event":"files                   null","logger":"airflow.task.hooks.airflow.providers.apache.spark.hooks.spark_submit.SparkSubmitHook"}
{"timestamp":"2025-09-03T13:49:42.169977","level":"info","event":"pyFiles                 null","logger":"airflow.task.hooks.airflow.providers.apache.spark.hooks.spark_submit.SparkSubmitHook"}
{"timestamp":"2025-09-03T13:49:42.170024","level":"info","event":"archives                null","logger":"airflow.task.hooks.airflow.providers.apache.spark.hooks.spark_submit.SparkSubmitHook"}
{"timestamp":"2025-09-03T13:49:42.170071","level":"info","event":"mainClass               null","logger":"airflow.task.hooks.airflow.providers.apache.spark.hooks.spark_submit.SparkSubmitHook"}
{"timestamp":"2025-09-03T13:49:42.170118","level":"info","event":"primaryResource         file:/opt/airflow/dags/spark_minio_job.py","logger":"airflow.task.hooks.airflow.providers.apache.spark.hooks.spark_submit.SparkSubmitHook"}
{"timestamp":"2025-09-03T13:49:42.170165","level":"info","event":"name                    arrow-spark","logger":"airflow.task.hooks.airflow.providers.apache.spark.hooks.spark_submit.SparkSubmitHook"}
{"timestamp":"2025-09-03T13:49:42.170212","level":"info","event":"childArgs               []","logger":"airflow.task.hooks.airflow.providers.apache.spark.hooks.spark_submit.SparkSubmitHook"}
{"timestamp":"2025-09-03T13:49:42.170259","level":"info","event":"jars                    null","logger":"airflow.task.hooks.airflow.providers.apache.spark.hooks.spark_submit.SparkSubmitHook"}
{"timestamp":"2025-09-03T13:49:42.170306","level":"info","event":"packages                null","logger":"airflow.task.hooks.airflow.providers.apache.spark.hooks.spark_submit.SparkSubmitHook"}
{"timestamp":"2025-09-03T13:49:42.170352","level":"info","event":"packagesExclusions      null","logger":"airflow.task.hooks.airflow.providers.apache.spark.hooks.spark_submit.SparkSubmitHook"}
{"timestamp":"2025-09-03T13:49:42.170398","level":"info","event":"repositories            null","logger":"airflow.task.hooks.airflow.providers.apache.spark.hooks.spark_submit.SparkSubmitHook"}
{"timestamp":"2025-09-03T13:49:42.170444","level":"info","event":"verbose                 true","logger":"airflow.task.hooks.airflow.providers.apache.spark.hooks.spark_submit.SparkSubmitHook"}
{"timestamp":"2025-09-03T13:49:42.170491","level":"info","event":"","logger":"airflow.task.hooks.airflow.providers.apache.spark.hooks.spark_submit.SparkSubmitHook"}
{"timestamp":"2025-09-03T13:49:42.170540","level":"info","event":"Spark properties used, including those specified through","logger":"airflow.task.hooks.airflow.providers.apache.spark.hooks.spark_submit.SparkSubmitHook"}
{"timestamp":"2025-09-03T13:49:42.170586","level":"info","event":"--conf and those from the properties file /opt/spark/conf/spark-defaults.conf:","logger":"airflow.task.hooks.airflow.providers.apache.spark.hooks.spark_submit.SparkSubmitHook"}
{"timestamp":"2025-09-03T13:49:42.170634","level":"info","event":"(spark.delta.logStore.class,org.apache.spark.sql.delta.storage.S3SingleDriverLogStore)","logger":"airflow.task.hooks.airflow.providers.apache.spark.hooks.spark_submit.SparkSubmitHook"}
{"timestamp":"2025-09-03T13:49:42.170683","level":"info","event":"(spark.eventLog.dir,/opt/spark/history)","logger":"airflow.task.hooks.airflow.providers.apache.spark.hooks.spark_submit.SparkSubmitHook"}
{"timestamp":"2025-09-03T13:49:42.170728","level":"info","event":"(spark.eventLog.enabled,true)","logger":"airflow.task.hooks.airflow.providers.apache.spark.hooks.spark_submit.SparkSubmitHook"}
{"timestamp":"2025-09-03T13:49:42.170775","level":"info","event":"(spark.hadoop.fs.s3a.access.key,*********(redacted))","logger":"airflow.task.hooks.airflow.providers.apache.spark.hooks.spark_submit.SparkSubmitHook"}
{"timestamp":"2025-09-03T13:49:42.170821","level":"info","event":"(spark.hadoop.fs.s3a.endpoint,http://minio:9000)","logger":"airflow.task.hooks.airflow.providers.apache.spark.hooks.spark_submit.SparkSubmitHook"}
{"timestamp":"2025-09-03T13:49:42.170867","level":"info","event":"(spark.hadoop.fs.s3a.fast.upload,true)","logger":"airflow.task.hooks.airflow.providers.apache.spark.hooks.spark_submit.SparkSubmitHook"}
{"timestamp":"2025-09-03T13:49:42.170913","level":"info","event":"(spark.hadoop.fs.s3a.impl,org.apache.hadoop.fs.s3a.S3AFileSystem)","logger":"airflow.task.hooks.airflow.providers.apache.spark.hooks.spark_submit.SparkSubmitHook"}
{"timestamp":"2025-09-03T13:49:42.170959","level":"info","event":"(spark.hadoop.fs.s3a.multiobjectdelete.enable,true)","logger":"airflow.task.hooks.airflow.providers.apache.spark.hooks.spark_submit.SparkSubmitHook"}
{"timestamp":"2025-09-03T13:49:42.171006","level":"info","event":"(spark.hadoop.fs.s3a.path.style.access,true)","logger":"airflow.task.hooks.airflow.providers.apache.spark.hooks.spark_submit.SparkSubmitHook"}
{"timestamp":"2025-09-03T13:49:42.171052","level":"info","event":"(spark.hadoop.fs.s3a.secret.key,*********(redacted))","logger":"airflow.task.hooks.airflow.providers.apache.spark.hooks.spark_submit.SparkSubmitHook"}
{"timestamp":"2025-09-03T13:49:42.171098","level":"info","event":"(spark.history.fs.logDirectory,s3a://spark/)","logger":"airflow.task.hooks.airflow.providers.apache.spark.hooks.spark_submit.SparkSubmitHook"}
{"timestamp":"2025-09-03T13:49:42.171144","level":"info","event":"(spark.logConf,true)","logger":"airflow.task.hooks.airflow.providers.apache.spark.hooks.spark_submit.SparkSubmitHook"}
{"timestamp":"2025-09-03T13:49:42.171190","level":"info","event":"(spark.network.timeout,10000s)","logger":"airflow.task.hooks.airflow.providers.apache.spark.hooks.spark_submit.SparkSubmitHook"}
{"timestamp":"2025-09-03T13:49:42.171236","level":"info","event":"(spark.sql.catalog.spark_catalog,org.apache.spark.sql.delta.catalog.DeltaCatalog)","logger":"airflow.task.hooks.airflow.providers.apache.spark.hooks.spark_submit.SparkSubmitHook"}
{"timestamp":"2025-09-03T13:49:42.171284","level":"info","event":"(spark.sql.extensions,io.delta.sql.DeltaSparkSessionExtension)","logger":"airflow.task.hooks.airflow.providers.apache.spark.hooks.spark_submit.SparkSubmitHook"}
{"timestamp":"2025-09-03T13:49:42.171331","level":"info","event":"(spark.sql.files.ignoreMissingFiles,true)","logger":"airflow.task.hooks.airflow.providers.apache.spark.hooks.spark_submit.SparkSubmitHook"}
{"timestamp":"2025-09-03T13:49:42.171469","level":"info","event":"(spark.sql.sources.partitionOverwriteMode,dynamic)","logger":"airflow.task.hooks.airflow.providers.apache.spark.hooks.spark_submit.SparkSubmitHook"}
{"timestamp":"2025-09-03T13:49:42.171529","level":"info","event":"","logger":"airflow.task.hooks.airflow.providers.apache.spark.hooks.spark_submit.SparkSubmitHook"}
{"timestamp":"2025-09-03T13:49:42.171580","level":"info","event":"","logger":"airflow.task.hooks.airflow.providers.apache.spark.hooks.spark_submit.SparkSubmitHook"}
{"timestamp":"2025-09-03T13:49:42.407661","level":"info","event":"Main class:","logger":"airflow.task.hooks.airflow.providers.apache.spark.hooks.spark_submit.SparkSubmitHook"}
{"timestamp":"2025-09-03T13:49:42.408584","level":"info","event":"org.apache.spark.deploy.PythonRunner","logger":"airflow.task.hooks.airflow.providers.apache.spark.hooks.spark_submit.SparkSubmitHook"}
{"timestamp":"2025-09-03T13:49:42.411027","level":"info","event":"Arguments:","logger":"airflow.task.hooks.airflow.providers.apache.spark.hooks.spark_submit.SparkSubmitHook"}
{"timestamp":"2025-09-03T13:49:42.411265","level":"info","event":"file:/opt/airflow/dags/spark_minio_job.py","logger":"airflow.task.hooks.airflow.providers.apache.spark.hooks.spark_submit.SparkSubmitHook"}
{"timestamp":"2025-09-03T13:49:42.411419","level":"info","event":"null","logger":"airflow.task.hooks.airflow.providers.apache.spark.hooks.spark_submit.SparkSubmitHook"}
{"timestamp":"2025-09-03T13:49:42.423179","level":"info","event":"Spark config:","logger":"airflow.task.hooks.airflow.providers.apache.spark.hooks.spark_submit.SparkSubmitHook"}
{"timestamp":"2025-09-03T13:49:42.423390","level":"info","event":"(spark.app.name,arrow-spark)","logger":"airflow.task.hooks.airflow.providers.apache.spark.hooks.spark_submit.SparkSubmitHook"}
{"timestamp":"2025-09-03T13:49:42.423511","level":"info","event":"(spark.app.submitTime,1756907382307)","logger":"airflow.task.hooks.airflow.providers.apache.spark.hooks.spark_submit.SparkSubmitHook"}
{"timestamp":"2025-09-03T13:49:42.423606","level":"info","event":"(spark.cores.max,2)","logger":"airflow.task.hooks.airflow.providers.apache.spark.hooks.spark_submit.SparkSubmitHook"}
{"timestamp":"2025-09-03T13:49:42.423693","level":"info","event":"(spark.delta.logStore.class,org.apache.spark.sql.delta.storage.S3SingleDriverLogStore)","logger":"airflow.task.hooks.airflow.providers.apache.spark.hooks.spark_submit.SparkSubmitHook"}
{"timestamp":"2025-09-03T13:49:42.423778","level":"info","event":"(spark.eventLog.dir,/opt/spark/history)","logger":"airflow.task.hooks.airflow.providers.apache.spark.hooks.spark_submit.SparkSubmitHook"}
{"timestamp":"2025-09-03T13:49:42.424002","level":"info","event":"(spark.eventLog.enabled,true)","logger":"airflow.task.hooks.airflow.providers.apache.spark.hooks.spark_submit.SparkSubmitHook"}
{"timestamp":"2025-09-03T13:49:42.424192","level":"info","event":"(spark.executor.memory,2g)","logger":"airflow.task.hooks.airflow.providers.apache.spark.hooks.spark_submit.SparkSubmitHook"}
{"timestamp":"2025-09-03T13:49:42.424359","level":"info","event":"(spark.hadoop.fs.s3a.access.key,*********(redacted))","logger":"airflow.task.hooks.airflow.providers.apache.spark.hooks.spark_submit.SparkSubmitHook"}
{"timestamp":"2025-09-03T13:49:42.424486","level":"info","event":"(spark.hadoop.fs.s3a.endpoint,http://minio:9000)","logger":"airflow.task.hooks.airflow.providers.apache.spark.hooks.spark_submit.SparkSubmitHook"}
{"timestamp":"2025-09-03T13:49:42.424608","level":"info","event":"(spark.hadoop.fs.s3a.fast.upload,true)","logger":"airflow.task.hooks.airflow.providers.apache.spark.hooks.spark_submit.SparkSubmitHook"}
{"timestamp":"2025-09-03T13:49:42.424723","level":"info","event":"(spark.hadoop.fs.s3a.impl,org.apache.hadoop.fs.s3a.S3AFileSystem)","logger":"airflow.task.hooks.airflow.providers.apache.spark.hooks.spark_submit.SparkSubmitHook"}
{"timestamp":"2025-09-03T13:49:42.424841","level":"info","event":"(spark.hadoop.fs.s3a.multiobjectdelete.enable,true)","logger":"airflow.task.hooks.airflow.providers.apache.spark.hooks.spark_submit.SparkSubmitHook"}
{"timestamp":"2025-09-03T13:49:42.425003","level":"info","event":"(spark.hadoop.fs.s3a.path.style.access,true)","logger":"airflow.task.hooks.airflow.providers.apache.spark.hooks.spark_submit.SparkSubmitHook"}
{"timestamp":"2025-09-03T13:49:42.425155","level":"info","event":"(spark.hadoop.fs.s3a.secret.key,*********(redacted))","logger":"airflow.task.hooks.airflow.providers.apache.spark.hooks.spark_submit.SparkSubmitHook"}
{"timestamp":"2025-09-03T13:49:42.425285","level":"info","event":"(spark.history.fs.logDirectory,s3a://spark/)","logger":"airflow.task.hooks.airflow.providers.apache.spark.hooks.spark_submit.SparkSubmitHook"}
{"timestamp":"2025-09-03T13:49:42.425412","level":"info","event":"(spark.logConf,true)","logger":"airflow.task.hooks.airflow.providers.apache.spark.hooks.spark_submit.SparkSubmitHook"}
{"timestamp":"2025-09-03T13:49:42.425520","level":"info","event":"(spark.master,spark-master:7077)","logger":"airflow.task.hooks.airflow.providers.apache.spark.hooks.spark_submit.SparkSubmitHook"}
{"timestamp":"2025-09-03T13:49:42.425632","level":"info","event":"(spark.network.timeout,10000s)","logger":"airflow.task.hooks.airflow.providers.apache.spark.hooks.spark_submit.SparkSubmitHook"}
{"timestamp":"2025-09-03T13:49:42.425745","level":"info","event":"(spark.sql.catalog.spark_catalog,org.apache.spark.sql.delta.catalog.DeltaCatalog)","logger":"airflow.task.hooks.airflow.providers.apache.spark.hooks.spark_submit.SparkSubmitHook"}
{"timestamp":"2025-09-03T13:49:42.426981","level":"info","event":"(spark.sql.extensions,io.delta.sql.DeltaSparkSessionExtension)","logger":"airflow.task.hooks.airflow.providers.apache.spark.hooks.spark_submit.SparkSubmitHook"}
{"timestamp":"2025-09-03T13:49:42.427334","level":"info","event":"(spark.sql.files.ignoreMissingFiles,true)","logger":"airflow.task.hooks.airflow.providers.apache.spark.hooks.spark_submit.SparkSubmitHook"}
{"timestamp":"2025-09-03T13:49:42.427881","level":"info","event":"(spark.sql.sources.partitionOverwriteMode,dynamic)","logger":"airflow.task.hooks.airflow.providers.apache.spark.hooks.spark_submit.SparkSubmitHook"}
{"timestamp":"2025-09-03T13:49:42.428054","level":"info","event":"(spark.submit.deployMode,client)","logger":"airflow.task.hooks.airflow.providers.apache.spark.hooks.spark_submit.SparkSubmitHook"}
{"timestamp":"2025-09-03T13:49:42.428204","level":"info","event":"(spark.submit.pyFiles,)","logger":"airflow.task.hooks.airflow.providers.apache.spark.hooks.spark_submit.SparkSubmitHook"}
{"timestamp":"2025-09-03T13:49:42.428321","level":"info","event":"Classpath elements:","logger":"airflow.task.hooks.airflow.providers.apache.spark.hooks.spark_submit.SparkSubmitHook"}
{"timestamp":"2025-09-03T13:49:42.428504","level":"info","event":"","logger":"airflow.task.hooks.airflow.providers.apache.spark.hooks.spark_submit.SparkSubmitHook"}
{"timestamp":"2025-09-03T13:49:42.428713","level":"info","event":"","logger":"airflow.task.hooks.airflow.providers.apache.spark.hooks.spark_submit.SparkSubmitHook"}
{"timestamp":"2025-09-03T13:49:42.428859","level":"info","event":"","logger":"airflow.task.hooks.airflow.providers.apache.spark.hooks.spark_submit.SparkSubmitHook"}
{"timestamp":"2025-09-03T13:49:45.219923","level":"info","event":"25/09/03 13:49:45 INFO SparkContext: Running Spark version 3.5.0","logger":"airflow.task.hooks.airflow.providers.apache.spark.hooks.spark_submit.SparkSubmitHook"}
{"timestamp":"2025-09-03T13:49:45.235856","level":"info","event":"25/09/03 13:49:45 INFO SparkContext: OS info Linux, 6.6.87.2-microsoft-standard-WSL2, amd64","logger":"airflow.task.hooks.airflow.providers.apache.spark.hooks.spark_submit.SparkSubmitHook"}
{"timestamp":"2025-09-03T13:49:45.248557","level":"info","event":"25/09/03 13:49:45 INFO SparkContext: Java version 17.0.16","logger":"airflow.task.hooks.airflow.providers.apache.spark.hooks.spark_submit.SparkSubmitHook"}
{"timestamp":"2025-09-03T13:49:46.802274","level":"info","event":"25/09/03 13:49:46 WARN NativeCodeLoader: Unable to load native-hadoop library for your platform... using builtin-java classes where applicable","logger":"airflow.task.hooks.airflow.providers.apache.spark.hooks.spark_submit.SparkSubmitHook"}
{"timestamp":"2025-09-03T13:49:47.184630","level":"info","event":"25/09/03 13:49:47 INFO ResourceUtils: ==============================================================","logger":"airflow.task.hooks.airflow.providers.apache.spark.hooks.spark_submit.SparkSubmitHook"}
{"timestamp":"2025-09-03T13:49:47.187380","level":"info","event":"25/09/03 13:49:47 INFO ResourceUtils: No custom resources configured for spark.driver.","logger":"airflow.task.hooks.airflow.providers.apache.spark.hooks.spark_submit.SparkSubmitHook"}
{"timestamp":"2025-09-03T13:49:47.190023","level":"info","event":"25/09/03 13:49:47 INFO ResourceUtils: ==============================================================","logger":"airflow.task.hooks.airflow.providers.apache.spark.hooks.spark_submit.SparkSubmitHook"}
{"timestamp":"2025-09-03T13:49:47.190372","level":"info","event":"25/09/03 13:49:47 INFO SparkContext: Submitted application: ProcessingTask","logger":"airflow.task.hooks.airflow.providers.apache.spark.hooks.spark_submit.SparkSubmitHook"}
{"timestamp":"2025-09-03T13:49:47.198790","level":"info","event":"25/09/03 13:49:47 INFO SparkContext: Spark configuration:","logger":"airflow.task.hooks.airflow.providers.apache.spark.hooks.spark_submit.SparkSubmitHook"}
{"timestamp":"2025-09-03T13:49:47.198988","level":"info","event":"spark.app.name=ProcessingTask","logger":"airflow.task.hooks.airflow.providers.apache.spark.hooks.spark_submit.SparkSubmitHook"}
{"timestamp":"2025-09-03T13:49:47.199126","level":"info","event":"spark.app.startTime=1756907384896","logger":"airflow.task.hooks.airflow.providers.apache.spark.hooks.spark_submit.SparkSubmitHook"}
{"timestamp":"2025-09-03T13:49:47.199233","level":"info","event":"spark.app.submitTime=1756907382307","logger":"airflow.task.hooks.airflow.providers.apache.spark.hooks.spark_submit.SparkSubmitHook"}
{"timestamp":"2025-09-03T13:49:47.199368","level":"info","event":"spark.cores.max=2","logger":"airflow.task.hooks.airflow.providers.apache.spark.hooks.spark_submit.SparkSubmitHook"}
{"timestamp":"2025-09-03T13:49:47.199480","level":"info","event":"spark.delta.logStore.class=org.apache.spark.sql.delta.storage.S3SingleDriverLogStore","logger":"airflow.task.hooks.airflow.providers.apache.spark.hooks.spark_submit.SparkSubmitHook"}
{"timestamp":"2025-09-03T13:49:47.199593","level":"info","event":"spark.driver.extraJavaOptions=-Djava.net.preferIPv6Addresses=false -XX:+IgnoreUnrecognizedVMOptions --add-opens=java.base/java.lang=ALL-UNNAMED --add-opens=java.base/java.lang.invoke=ALL-UNNAMED --add-opens=java.base/java.lang.reflect=ALL-UNNAMED --add-opens=java.base/java.io=ALL-UNNAMED --add-opens=java.base/java.net=ALL-UNNAMED --add-opens=java.base/java.nio=ALL-UNNAMED --add-opens=java.base/java.util=ALL-UNNAMED --add-opens=java.base/java.util.concurrent=ALL-UNNAMED --add-opens=java.base/java.util.concurrent.atomic=ALL-UNNAMED --add-opens=java.base/sun.nio.ch=ALL-UNNAMED --add-opens=java.base/sun.nio.cs=ALL-UNNAMED --add-opens=java.base/sun.security.action=ALL-UNNAMED --add-opens=java.base/sun.util.calendar=ALL-UNNAMED --add-opens=java.security.jgss/sun.security.krb5=ALL-UNNAMED -Djdk.reflect.useDirectMethodHandle=false","logger":"airflow.task.hooks.airflow.providers.apache.spark.hooks.spark_submit.SparkSubmitHook"}
{"timestamp":"2025-09-03T13:49:47.199821","level":"info","event":"spark.eventLog.dir=/opt/spark/history","logger":"airflow.task.hooks.airflow.providers.apache.spark.hooks.spark_submit.SparkSubmitHook"}
{"timestamp":"2025-09-03T13:49:47.199965","level":"info","event":"spark.eventLog.enabled=true","logger":"airflow.task.hooks.airflow.providers.apache.spark.hooks.spark_submit.SparkSubmitHook"}
{"timestamp":"2025-09-03T13:49:47.200085","level":"info","event":"spark.executor.extraJavaOptions=-Djava.net.preferIPv6Addresses=false -XX:+IgnoreUnrecognizedVMOptions --add-opens=java.base/java.lang=ALL-UNNAMED --add-opens=java.base/java.lang.invoke=ALL-UNNAMED --add-opens=java.base/java.lang.reflect=ALL-UNNAMED --add-opens=java.base/java.io=ALL-UNNAMED --add-opens=java.base/java.net=ALL-UNNAMED --add-opens=java.base/java.nio=ALL-UNNAMED --add-opens=java.base/java.util=ALL-UNNAMED --add-opens=java.base/java.util.concurrent=ALL-UNNAMED --add-opens=java.base/java.util.concurrent.atomic=ALL-UNNAMED --add-opens=java.base/sun.nio.ch=ALL-UNNAMED --add-opens=java.base/sun.nio.cs=ALL-UNNAMED --add-opens=java.base/sun.security.action=ALL-UNNAMED --add-opens=java.base/sun.util.calendar=ALL-UNNAMED --add-opens=java.security.jgss/sun.security.krb5=ALL-UNNAMED -Djdk.reflect.useDirectMethodHandle=false","logger":"airflow.task.hooks.airflow.providers.apache.spark.hooks.spark_submit.SparkSubmitHook"}
{"timestamp":"2025-09-03T13:49:47.200298","level":"info","event":"spark.executor.memory=2g","logger":"airflow.task.hooks.airflow.providers.apache.spark.hooks.spark_submit.SparkSubmitHook"}
{"timestamp":"2025-09-03T13:49:47.201317","level":"info","event":"spark.hadoop.fs.s3a.access.key=*********(redacted)","logger":"airflow.task.hooks.airflow.providers.apache.spark.hooks.spark_submit.SparkSubmitHook"}
{"timestamp":"2025-09-03T13:49:47.201565","level":"info","event":"spark.hadoop.fs.s3a.endpoint=http://minio:9000","logger":"airflow.task.hooks.airflow.providers.apache.spark.hooks.spark_submit.SparkSubmitHook"}
{"timestamp":"2025-09-03T13:49:47.201733","level":"info","event":"spark.hadoop.fs.s3a.fast.upload=true","logger":"airflow.task.hooks.airflow.providers.apache.spark.hooks.spark_submit.SparkSubmitHook"}
{"timestamp":"2025-09-03T13:49:47.201884","level":"info","event":"spark.hadoop.fs.s3a.impl=org.apache.hadoop.fs.s3a.S3AFileSystem","logger":"airflow.task.hooks.airflow.providers.apache.spark.hooks.spark_submit.SparkSubmitHook"}
{"timestamp":"2025-09-03T13:49:47.202000","level":"info","event":"spark.hadoop.fs.s3a.multiobjectdelete.enable=true","logger":"airflow.task.hooks.airflow.providers.apache.spark.hooks.spark_submit.SparkSubmitHook"}
{"timestamp":"2025-09-03T13:49:47.202100","level":"info","event":"spark.hadoop.fs.s3a.path.style.access=true","logger":"airflow.task.hooks.airflow.providers.apache.spark.hooks.spark_submit.SparkSubmitHook"}
{"timestamp":"2025-09-03T13:49:47.202192","level":"info","event":"spark.hadoop.fs.s3a.secret.key=*********(redacted)","logger":"airflow.task.hooks.airflow.providers.apache.spark.hooks.spark_submit.SparkSubmitHook"}
{"timestamp":"2025-09-03T13:49:47.202310","level":"info","event":"spark.history.fs.logDirectory=s3a://spark/","logger":"airflow.task.hooks.airflow.providers.apache.spark.hooks.spark_submit.SparkSubmitHook"}
{"timestamp":"2025-09-03T13:49:47.202455","level":"info","event":"spark.jars.packages=org.apache.spark:spark-sql-kafka-0-10_2.12:3.5.0,org.apache.spark:spark-avro_2.12:3.5.0,org.postgresql:postgresql:42.7.0,org.apache.hadoop:hadoop-aws:3.3.4,com.amazonaws:aws-java-sdk-bundle:1.12.262","logger":"airflow.task.hooks.airflow.providers.apache.spark.hooks.spark_submit.SparkSubmitHook"}
{"timestamp":"2025-09-03T13:49:47.202562","level":"info","event":"spark.logConf=true","logger":"airflow.task.hooks.airflow.providers.apache.spark.hooks.spark_submit.SparkSubmitHook"}
{"timestamp":"2025-09-03T13:49:47.202660","level":"info","event":"spark.master=spark://spark-master:7077","logger":"airflow.task.hooks.airflow.providers.apache.spark.hooks.spark_submit.SparkSubmitHook"}
{"timestamp":"2025-09-03T13:49:47.202756","level":"info","event":"spark.network.timeout=10000s","logger":"airflow.task.hooks.airflow.providers.apache.spark.hooks.spark_submit.SparkSubmitHook"}
{"timestamp":"2025-09-03T13:49:47.202850","level":"info","event":"spark.rdd.compress=True","logger":"airflow.task.hooks.airflow.providers.apache.spark.hooks.spark_submit.SparkSubmitHook"}
{"timestamp":"2025-09-03T13:49:47.202946","level":"info","event":"spark.serializer.objectStreamReset=100","logger":"airflow.task.hooks.airflow.providers.apache.spark.hooks.spark_submit.SparkSubmitHook"}
{"timestamp":"2025-09-03T13:49:47.203048","level":"info","event":"spark.sql.catalog.spark_catalog=org.apache.spark.sql.delta.catalog.DeltaCatalog","logger":"airflow.task.hooks.airflow.providers.apache.spark.hooks.spark_submit.SparkSubmitHook"}
{"timestamp":"2025-09-03T13:49:47.205490","level":"info","event":"spark.sql.extensions=io.delta.sql.DeltaSparkSessionExtension","logger":"airflow.task.hooks.airflow.providers.apache.spark.hooks.spark_submit.SparkSubmitHook"}
{"timestamp":"2025-09-03T13:49:47.205746","level":"info","event":"spark.sql.files.ignoreMissingFiles=true","logger":"airflow.task.hooks.airflow.providers.apache.spark.hooks.spark_submit.SparkSubmitHook"}
{"timestamp":"2025-09-03T13:49:47.205999","level":"info","event":"spark.sql.sources.partitionOverwriteMode=dynamic","logger":"airflow.task.hooks.airflow.providers.apache.spark.hooks.spark_submit.SparkSubmitHook"}
{"timestamp":"2025-09-03T13:49:47.206148","level":"info","event":"spark.submit.deployMode=client","logger":"airflow.task.hooks.airflow.providers.apache.spark.hooks.spark_submit.SparkSubmitHook"}
{"timestamp":"2025-09-03T13:49:47.206299","level":"info","event":"spark.submit.pyFiles=","logger":"airflow.task.hooks.airflow.providers.apache.spark.hooks.spark_submit.SparkSubmitHook"}
{"timestamp":"2025-09-03T13:49:47.268496","level":"info","event":"25/09/03 13:49:47 INFO ResourceProfile: Default ResourceProfile created, executor resources: Map(memory -> name: memory, amount: 2048, script: , vendor: , offHeap -> name: offHeap, amount: 0, script: , vendor: ), task resources: Map(cpus -> name: cpus, amount: 1.0)","logger":"airflow.task.hooks.airflow.providers.apache.spark.hooks.spark_submit.SparkSubmitHook"}
{"timestamp":"2025-09-03T13:49:47.293848","level":"info","event":"25/09/03 13:49:47 INFO ResourceProfile: Limiting resource is cpu","logger":"airflow.task.hooks.airflow.providers.apache.spark.hooks.spark_submit.SparkSubmitHook"}
{"timestamp":"2025-09-03T13:49:47.294175","level":"info","event":"25/09/03 13:49:47 INFO ResourceProfileManager: Added ResourceProfile id: 0","logger":"airflow.task.hooks.airflow.providers.apache.spark.hooks.spark_submit.SparkSubmitHook"}
{"timestamp":"2025-09-03T13:49:47.990062","level":"info","event":"25/09/03 13:49:47 INFO SecurityManager: Changing view acls to: airflow","logger":"airflow.task.hooks.airflow.providers.apache.spark.hooks.spark_submit.SparkSubmitHook"}
{"timestamp":"2025-09-03T13:49:47.990739","level":"info","event":"25/09/03 13:49:47 INFO SecurityManager: Changing modify acls to: airflow","logger":"airflow.task.hooks.airflow.providers.apache.spark.hooks.spark_submit.SparkSubmitHook"}
{"timestamp":"2025-09-03T13:49:47.992931","level":"info","event":"25/09/03 13:49:47 INFO SecurityManager: Changing view acls groups to:","logger":"airflow.task.hooks.airflow.providers.apache.spark.hooks.spark_submit.SparkSubmitHook"}
{"timestamp":"2025-09-03T13:49:47.998742","level":"info","event":"25/09/03 13:49:47 INFO SecurityManager: Changing modify acls groups to:","logger":"airflow.task.hooks.airflow.providers.apache.spark.hooks.spark_submit.SparkSubmitHook"}
{"timestamp":"2025-09-03T13:49:48.000919","level":"info","event":"25/09/03 13:49:47 INFO SecurityManager: SecurityManager: authentication disabled; ui acls disabled; users with view permissions: airflow; groups with view permissions: EMPTY; users with modify permissions: airflow; groups with modify permissions: EMPTY","logger":"airflow.task.hooks.airflow.providers.apache.spark.hooks.spark_submit.SparkSubmitHook"}
{"timestamp":"2025-09-03T13:49:51.290379","level":"info","event":"25/09/03 13:49:51 INFO Utils: Successfully started service 'sparkDriver' on port 40233.","logger":"airflow.task.hooks.airflow.providers.apache.spark.hooks.spark_submit.SparkSubmitHook"}
{"timestamp":"2025-09-03T13:49:51.402831","level":"info","event":"25/09/03 13:49:51 INFO SparkEnv: Registering MapOutputTracker","logger":"airflow.task.hooks.airflow.providers.apache.spark.hooks.spark_submit.SparkSubmitHook"}
{"timestamp":"2025-09-03T13:49:51.484960","level":"info","event":"25/09/03 13:49:51 INFO SparkEnv: Registering BlockManagerMaster","logger":"airflow.task.hooks.airflow.providers.apache.spark.hooks.spark_submit.SparkSubmitHook"}
{"timestamp":"2025-09-03T13:49:51.558073","level":"info","event":"25/09/03 13:49:51 INFO BlockManagerMasterEndpoint: Using org.apache.spark.storage.DefaultTopologyMapper for getting topology information","logger":"airflow.task.hooks.airflow.providers.apache.spark.hooks.spark_submit.SparkSubmitHook"}
{"timestamp":"2025-09-03T13:49:51.558307","level":"info","event":"25/09/03 13:49:51 INFO BlockManagerMasterEndpoint: BlockManagerMasterEndpoint up","logger":"airflow.task.hooks.airflow.providers.apache.spark.hooks.spark_submit.SparkSubmitHook"}
{"timestamp":"2025-09-03T13:49:51.578167","level":"info","event":"25/09/03 13:49:51 INFO SparkEnv: Registering BlockManagerMasterHeartbeat","logger":"airflow.task.hooks.airflow.providers.apache.spark.hooks.spark_submit.SparkSubmitHook"}
{"timestamp":"2025-09-03T13:49:51.642066","level":"info","event":"25/09/03 13:49:51 INFO DiskBlockManager: Created local directory at /tmp/blockmgr-39ef9649-8df5-4155-9e9a-4842af7b5b69","logger":"airflow.task.hooks.airflow.providers.apache.spark.hooks.spark_submit.SparkSubmitHook"}
{"timestamp":"2025-09-03T13:49:51.668925","level":"info","event":"25/09/03 13:49:51 INFO MemoryStore: MemoryStore started with capacity 434.4 MiB","logger":"airflow.task.hooks.airflow.providers.apache.spark.hooks.spark_submit.SparkSubmitHook"}
{"timestamp":"2025-09-03T13:49:51.702346","level":"info","event":"25/09/03 13:49:51 INFO SparkEnv: Registering OutputCommitCoordinator","logger":"airflow.task.hooks.airflow.providers.apache.spark.hooks.spark_submit.SparkSubmitHook"}
{"timestamp":"2025-09-03T13:49:53.362472","level":"info","event":"25/09/03 13:49:53 INFO JettyUtils: Start Jetty 0.0.0.0:4040 for SparkUI","logger":"airflow.task.hooks.airflow.providers.apache.spark.hooks.spark_submit.SparkSubmitHook"}
{"timestamp":"2025-09-03T13:49:53.772743","level":"info","event":"25/09/03 13:49:53 INFO Utils: Successfully started service 'SparkUI' on port 4040.","logger":"airflow.task.hooks.airflow.providers.apache.spark.hooks.spark_submit.SparkSubmitHook"}
{"timestamp":"2025-09-03T13:49:54.874918","level":"info","event":"25/09/03 13:49:54 INFO StandaloneAppClient$ClientEndpoint: Connecting to master spark://spark-master:7077...","logger":"airflow.task.hooks.airflow.providers.apache.spark.hooks.spark_submit.SparkSubmitHook"}
{"timestamp":"2025-09-03T13:49:54.998126","level":"info","event":"25/09/03 13:49:54 INFO TransportClientFactory: Successfully created connection to spark-master/172.18.0.4:7077 after 60 ms (0 ms spent in bootstraps)","logger":"airflow.task.hooks.airflow.providers.apache.spark.hooks.spark_submit.SparkSubmitHook"}
{"timestamp":"2025-09-03T13:49:56.427915","level":"info","event":"25/09/03 13:49:56 INFO StandaloneSchedulerBackend: Connected to Spark cluster with app ID app-20250903134956-0000","logger":"airflow.task.hooks.airflow.providers.apache.spark.hooks.spark_submit.SparkSubmitHook"}
{"timestamp":"2025-09-03T13:49:56.456413","level":"info","event":"25/09/03 13:49:56 INFO Utils: Successfully started service 'org.apache.spark.network.netty.NettyBlockTransferService' on port 38669.","logger":"airflow.task.hooks.airflow.providers.apache.spark.hooks.spark_submit.SparkSubmitHook"}
{"timestamp":"2025-09-03T13:49:56.456609","level":"info","event":"25/09/03 13:49:56 INFO NettyBlockTransferService: Server created on b2d9647d6a30:38669","logger":"airflow.task.hooks.airflow.providers.apache.spark.hooks.spark_submit.SparkSubmitHook"}
{"timestamp":"2025-09-03T13:49:56.459652","level":"info","event":"25/09/03 13:49:56 INFO BlockManager: Using org.apache.spark.storage.RandomBlockReplicationPolicy for block replication policy","logger":"airflow.task.hooks.airflow.providers.apache.spark.hooks.spark_submit.SparkSubmitHook"}
{"timestamp":"2025-09-03T13:49:56.477473","level":"info","event":"25/09/03 13:49:56 INFO BlockManagerMaster: Registering BlockManager BlockManagerId(driver, b2d9647d6a30, 38669, None)","logger":"airflow.task.hooks.airflow.providers.apache.spark.hooks.spark_submit.SparkSubmitHook"}
{"timestamp":"2025-09-03T13:49:56.484913","level":"info","event":"25/09/03 13:49:56 INFO BlockManagerMasterEndpoint: Registering block manager b2d9647d6a30:38669 with 434.4 MiB RAM, BlockManagerId(driver, b2d9647d6a30, 38669, None)","logger":"airflow.task.hooks.airflow.providers.apache.spark.hooks.spark_submit.SparkSubmitHook"}
{"timestamp":"2025-09-03T13:49:56.489536","level":"info","event":"25/09/03 13:49:56 INFO BlockManagerMaster: Registered BlockManager BlockManagerId(driver, b2d9647d6a30, 38669, None)","logger":"airflow.task.hooks.airflow.providers.apache.spark.hooks.spark_submit.SparkSubmitHook"}
{"timestamp":"2025-09-03T13:49:56.491843","level":"info","event":"25/09/03 13:49:56 INFO BlockManager: Initialized BlockManager: BlockManagerId(driver, b2d9647d6a30, 38669, None)","logger":"airflow.task.hooks.airflow.providers.apache.spark.hooks.spark_submit.SparkSubmitHook"}
{"timestamp":"2025-09-03T13:49:58.480718","level":"info","event":"25/09/03 13:49:58 INFO SingleEventLogFileWriter: Logging events to file:/opt/spark/history/app-20250903134956-0000.inprogress","logger":"airflow.task.hooks.airflow.providers.apache.spark.hooks.spark_submit.SparkSubmitHook"}
{"timestamp":"2025-09-03T13:50:01.686562","level":"info","event":"25/09/03 13:50:01 INFO StandaloneSchedulerBackend: SchedulerBackend is ready for scheduling beginning after reached minRegisteredResourcesRatio: 0.0","logger":"airflow.task.hooks.airflow.providers.apache.spark.hooks.spark_submit.SparkSubmitHook"}
{"timestamp":"2025-09-03T13:50:03.787678","level":"info","event":"25/09/03 13:50:03 INFO SharedState: Setting hive.metastore.warehouse.dir ('null') to the value of spark.sql.warehouse.dir.","logger":"airflow.task.hooks.airflow.providers.apache.spark.hooks.spark_submit.SparkSubmitHook"}
{"timestamp":"2025-09-03T13:50:03.797155","level":"info","event":"25/09/03 13:50:03 INFO SharedState: Warehouse path is 'file:/opt/airflow/spark-warehouse'.","logger":"airflow.task.hooks.airflow.providers.apache.spark.hooks.spark_submit.SparkSubmitHook"}
{"timestamp":"2025-09-03T13:50:13.357063","level":"info","event":"25/09/03 13:50:13 WARN MetricsConfig: Cannot locate configuration: tried hadoop-metrics2-s3a-file-system.properties,hadoop-metrics2.properties","logger":"airflow.task.hooks.airflow.providers.apache.spark.hooks.spark_submit.SparkSubmitHook"}
{"timestamp":"2025-09-03T13:50:13.388363","level":"info","event":"25/09/03 13:50:13 INFO MetricsSystemImpl: Scheduled Metric snapshot period at 10 second(s).","logger":"airflow.task.hooks.airflow.providers.apache.spark.hooks.spark_submit.SparkSubmitHook"}
{"timestamp":"2025-09-03T13:50:13.389055","level":"info","event":"25/09/03 13:50:13 INFO MetricsSystemImpl: s3a-file-system metrics system started","logger":"airflow.task.hooks.airflow.providers.apache.spark.hooks.spark_submit.SparkSubmitHook"}
{"timestamp":"2025-09-03T13:50:19.339439","level":"info","event":"25/09/03 13:50:19 INFO InMemoryFileIndex: It took 140 ms to list leaf files for 1 paths.","logger":"airflow.task.hooks.airflow.providers.apache.spark.hooks.spark_submit.SparkSubmitHook"}
{"timestamp":"2025-09-03T13:50:20.255146","level":"info","event":"25/09/03 13:50:20 INFO SparkContext: Starting job: parquet at NativeMethodAccessorImpl.java:0","logger":"airflow.task.hooks.airflow.providers.apache.spark.hooks.spark_submit.SparkSubmitHook"}
{"timestamp":"2025-09-03T13:50:20.409112","level":"info","event":"25/09/03 13:50:20 INFO DAGScheduler: Got job 0 (parquet at NativeMethodAccessorImpl.java:0) with 1 output partitions","logger":"airflow.task.hooks.airflow.providers.apache.spark.hooks.spark_submit.SparkSubmitHook"}
{"timestamp":"2025-09-03T13:50:20.411949","level":"info","event":"25/09/03 13:50:20 INFO DAGScheduler: Final stage: ResultStage 0 (parquet at NativeMethodAccessorImpl.java:0)","logger":"airflow.task.hooks.airflow.providers.apache.spark.hooks.spark_submit.SparkSubmitHook"}
{"timestamp":"2025-09-03T13:50:20.415749","level":"info","event":"25/09/03 13:50:20 INFO DAGScheduler: Parents of final stage: List()","logger":"airflow.task.hooks.airflow.providers.apache.spark.hooks.spark_submit.SparkSubmitHook"}
{"timestamp":"2025-09-03T13:50:20.419142","level":"info","event":"25/09/03 13:50:20 INFO DAGScheduler: Missing parents: List()","logger":"airflow.task.hooks.airflow.providers.apache.spark.hooks.spark_submit.SparkSubmitHook"}
{"timestamp":"2025-09-03T13:50:20.445321","level":"info","event":"25/09/03 13:50:20 INFO DAGScheduler: Submitting ResultStage 0 (MapPartitionsRDD[1] at parquet at NativeMethodAccessorImpl.java:0), which has no missing parents","logger":"airflow.task.hooks.airflow.providers.apache.spark.hooks.spark_submit.SparkSubmitHook"}
{"timestamp":"2025-09-03T13:50:20.914723","level":"info","event":"25/09/03 13:50:20 INFO MemoryStore: Block broadcast_0 stored as values in memory (estimated size 105.5 KiB, free 434.3 MiB)","logger":"airflow.task.hooks.airflow.providers.apache.spark.hooks.spark_submit.SparkSubmitHook"}
{"timestamp":"2025-09-03T13:50:21.097099","level":"info","event":"25/09/03 13:50:21 INFO MemoryStore: Block broadcast_0_piece0 stored as bytes in memory (estimated size 38.3 KiB, free 434.3 MiB)","logger":"airflow.task.hooks.airflow.providers.apache.spark.hooks.spark_submit.SparkSubmitHook"}
{"timestamp":"2025-09-03T13:50:21.109588","level":"info","event":"25/09/03 13:50:21 INFO BlockManagerInfo: Added broadcast_0_piece0 in memory on b2d9647d6a30:38669 (size: 38.3 KiB, free: 434.4 MiB)","logger":"airflow.task.hooks.airflow.providers.apache.spark.hooks.spark_submit.SparkSubmitHook"}
{"timestamp":"2025-09-03T13:50:21.139516","level":"info","event":"25/09/03 13:50:21 INFO SparkContext: Created broadcast 0 from broadcast at DAGScheduler.scala:1580","logger":"airflow.task.hooks.airflow.providers.apache.spark.hooks.spark_submit.SparkSubmitHook"}
{"timestamp":"2025-09-03T13:50:21.229489","level":"info","event":"25/09/03 13:50:21 INFO DAGScheduler: Submitting 1 missing tasks from ResultStage 0 (MapPartitionsRDD[1] at parquet at NativeMethodAccessorImpl.java:0) (first 15 tasks are for partitions Vector(0))","logger":"airflow.task.hooks.airflow.providers.apache.spark.hooks.spark_submit.SparkSubmitHook"}
{"timestamp":"2025-09-03T13:50:21.236233","level":"info","event":"25/09/03 13:50:21 INFO TaskSchedulerImpl: Adding task set 0.0 with 1 tasks resource profile 0","logger":"airflow.task.hooks.airflow.providers.apache.spark.hooks.spark_submit.SparkSubmitHook"}
{"timestamp":"2025-09-03T13:50:26.348612Z","level":"error","event":"Server indicated the task shouldn't be running anymore. Terminating process","detail":{"detail":{"reason":"not_running","message":"TI is no longer in the running state and task should terminate","current_state":"failed"}},"logger":"task"}
{"timestamp":"2025-09-03T13:50:26.434982Z","level":"error","event":"Task killed!","logger":"task"}
